<<<<<<< HEAD
<<<<<<< HEAD:LaTeX報告/tex/second.log
=======
>>>>>>> 23e572edda033d5f5fbfb3748ca64039b6fb754c
This is XeTeX, Version 3.14159265-2.6-0.999992 (MiKTeX 2.9.7350 64-bit) (preloaded format=xelatex 2021.4.30)  8 MAY 2021 17:57
entering extended mode
**./second.tex
(second.tex
<<<<<<< HEAD
=======
This is XeTeX, Version 3.14159265-2.6-0.999992 (MiKTeX 2.9.7350 64-bit) (preloaded format=xelatex 2021.4.30)  6 MAY 2021 21:09
entering extended mode
**./4072pj1.tex
(4072pj1.tex
>>>>>>> 23e572edda033d5f5fbfb3748ca64039b6fb754c:40723150/latex/4072pj1.log
=======
>>>>>>> 23e572edda033d5f5fbfb3748ca64039b6fb754c
LaTeX2e <2020-02-02> patch level 5
L3 programming layer <2020-03-06>
(Y:\miktex-portable\texmfs\install\tex/latex/base\report.cls
Document Class: report 2019/12/20 v1.4l Standard LaTeX document class
(Y:\miktex-portable\texmfs\install\tex/latex/base\size10.clo
File: size10.clo 2019/12/20 v1.4l Standard LaTeX file (size option)
)
\c@part=\count163
\c@chapter=\count164
\c@section=\count165
\c@subsection=\count166
\c@subsubsection=\count167
\c@paragraph=\count168
\c@subparagraph=\count169
\c@figure=\count170
\c@table=\count171
\abovecaptionskip=\skip47
\belowcaptionskip=\skip48
\bibindent=\dimen134
)
(Y:\miktex-portable\texmfs\install\tex/xelatex/xecjk\xeCJK.sty
(Y:\miktex-portable\texmfs\install\tex/latex/l3kernel\expl3.sty
Package: expl3 2020-03-06 L3 programming layer (loader) 

(Y:\miktex-portable\texmfs\install\tex/latex/l3backend\l3backend-xdvipdfmx.def
File: l3backend-xdvipdfmx.def 2020-03-12 L3 backend support: xdvipdfmx
\g__graphics_track_int=\count172
\l__pdf_internal_box=\box45
\g__pdf_backend_object_int=\count173
\g__pdf_backend_annotation_int=\count174
))
Package: xeCJK 2020/02/18 v3.8.2 Typesetting CJK scripts with XeLaTeX
 (Y:\miktex-portable\texmfs\install\tex/latex/l3packages/l3keys2e\l3keys2e.sty
Package: l3keys2e 2020-03-06 LaTeX2e option processing using LaTeX3 keys
)
(Y:\miktex-portable\texmfs\install\tex/latex/l3packages/xtemplate\xtemplate.sty
Package: xtemplate 2020-03-06 L3 Experimental prototype document functions
\l__xtemplate_tmp_dim=\dimen135
\l__xtemplate_tmp_int=\count175
\l__xtemplate_tmp_muskip=\muskip16
\l__xtemplate_tmp_skip=\skip49
) (Y:\miktex-portable\texmfs\install\tex/latex/l3packages/xparse\xparse.sty
Package: xparse 2020-03-06 L3 Experimental document command parser
\l__xparse_current_arg_int=\count176
\g__xparse_grabber_int=\count177
\l__xparse_m_args_int=\count178
\l__xparse_v_nesting_int=\count179
)
\l__xeCJK_tmp_int=\count180
\l__xeCJK_tmp_box=\box46
\l__xeCJK_tmp_dim=\dimen136
\l__xeCJK_tmp_skip=\skip50
\g__xeCJK_space_factor_int=\count181
\l__xeCJK_begin_int=\count182
\l__xeCJK_end_int=\count183
\c__xeCJK_CJK_class_int=\XeTeXcharclass1
\c__xeCJK_FullLeft_class_int=\XeTeXcharclass2
\c__xeCJK_FullRight_class_int=\XeTeXcharclass3
\c__xeCJK_HalfLeft_class_int=\XeTeXcharclass4
\c__xeCJK_HalfRight_class_int=\XeTeXcharclass5
\c__xeCJK_NormalSpace_class_int=\XeTeXcharclass6
\c__xeCJK_CM_class_int=\XeTeXcharclass7
\c__xeCJK_HangulJamo_class_int=\XeTeXcharclass8
\l__xeCJK_last_skip=\skip51
\g__xeCJK_node_int=\count184
\c__xeCJK_CJK_node_dim=\dimen137
\c__xeCJK_CJK-space_node_dim=\dimen138
\c__xeCJK_default_node_dim=\dimen139
\c__xeCJK_default-space_node_dim=\dimen140
\c__xeCJK_CJK-widow_node_dim=\dimen141
\c__xeCJK_normalspace_node_dim=\dimen142
\l__xeCJK_ccglue_skip=\skip52
\l__xeCJK_ecglue_skip=\skip53
\l__xeCJK_punct_kern_skip=\skip54
\l__xeCJK_last_penalty_int=\count185
\l__xeCJK_last_bound_dim=\dimen143
\l__xeCJK_last_kern_dim=\dimen144
\l__xeCJK_widow_penalty_int=\count186

Package xtemplate Info: Declaring object type 'xeCJK/punctuation' taking 0
(xtemplate)             argument(s) on line 2302.

\l__xeCJK_fixed_punct_width_dim=\dimen145
\l__xeCJK_mixed_punct_width_dim=\dimen146
\l__xeCJK_middle_punct_width_dim=\dimen147
\l__xeCJK_fixed_margin_width_dim=\dimen148
\l__xeCJK_mixed_margin_width_dim=\dimen149
\l__xeCJK_middle_margin_width_dim=\dimen150
\l__xeCJK_bound_punct_width_dim=\dimen151
\l__xeCJK_bound_margin_width_dim=\dimen152
\l__xeCJK_margin_minimum_dim=\dimen153
\l__xeCJK_kerning_total_width_dim=\dimen154
\l__xeCJK_same_align_margin_dim=\dimen155
\l__xeCJK_different_align_margin_dim=\dimen156
\l__xeCJK_kerning_margin_width_dim=\dimen157
\l__xeCJK_kerning_margin_minimum_dim=\dimen158
\l__xeCJK_bound_dim=\dimen159
\l__xeCJK_reverse_bound_dim=\dimen160
\l__xeCJK_margin_dim=\dimen161
\l__xeCJK_minimum_bound_dim=\dimen162
\l__xeCJK_kerning_margin_dim=\dimen163
\g__xeCJK_family_int=\count187
\l__xeCJK_fam_int=\count188
\g__xeCJK_fam_allocation_int=\count189
\l__xeCJK_verb_case_int=\count190
\l__xeCJK_verb_exspace_skip=\skip55

(Y:\miktex-portable\texmfs\install\tex/latex/fontspec\fontspec.sty
Package: fontspec 2020/02/21 v2.7i Font selection for XeLaTeX and LuaLaTeX

(Y:\miktex-portable\texmfs\install\tex/latex/fontspec\fontspec-xetex.sty
Package: fontspec-xetex 2020/02/21 v2.7i Font selection for XeLaTeX and LuaLaTe
X
\l__fontspec_script_int=\count191
\l__fontspec_language_int=\count192
\l__fontspec_strnum_int=\count193
\l__fontspec_tmp_int=\count194
\l__fontspec_tmpa_int=\count195
\l__fontspec_tmpb_int=\count196
\l__fontspec_tmpc_int=\count197
\l__fontspec_em_int=\count198
\l__fontspec_emdef_int=\count199
\l__fontspec_strong_int=\count266
\l__fontspec_strongdef_int=\count267
\l__fontspec_tmpa_dim=\dimen164
\l__fontspec_tmpb_dim=\dimen165
\l__fontspec_tmpc_dim=\dimen166

(Y:\miktex-portable\texmfs\install\tex/latex/base\fontenc.sty
Package: fontenc 2020/02/11 v2.0o Standard LaTeX package
)
(Y:\miktex-portable\texmfs\install\tex/latex/fontspec\fontspec.cfg)))
(Y:\miktex-portable\texmfs\install\tex/xelatex/xecjk\xeCJK.cfg
File: xeCJK.cfg 2020/02/18 v3.8.2 Configuration file for xeCJK package
))

Package fontspec Info: Could not resolve font "標楷體/BI" (it probably doesn't
(fontspec)             exist).


Package fontspec Info: Could not resolve font "標楷體/B" (it probably doesn't
(fontspec)             exist).


Package fontspec Info: Could not resolve font "標楷體/I" (it probably doesn't
(fontspec)             exist).


Package fontspec Info: Font family '標楷體(0)' created for font '標楷體' with
(fontspec)             options [Script={CJK}].
(fontspec)              
(fontspec)              This font family consists of the following NFSS
(fontspec)             series/shapes:
(fontspec)              
(fontspec)             - 'normal' (m/n) with NFSS spec.:
(fontspec)             <->"標楷體/OT:script=hani;language=dflt;"
(fontspec)             - 'small caps'  (m/sc) with NFSS spec.: 


Package fontspec Info: Font family 'TimesNewRoman(0)' created for font 'Times
(fontspec)             New Roman' with options [].
(fontspec)              
(fontspec)              This font family consists of the following NFSS
(fontspec)             series/shapes:
(fontspec)              
(fontspec)             - 'normal' (m/n) with NFSS spec.: <->"Times New
(fontspec)             Roman/OT:script=latn;language=dflt;"
(fontspec)             - 'small caps'  (m/sc) with NFSS spec.: <->"Times New
(fontspec)             Roman/OT:script=latn;language=dflt;+smcp;"
(fontspec)             - 'bold' (b/n) with NFSS spec.: <->"Times New
(fontspec)             Roman/B/OT:script=latn;language=dflt;"
(fontspec)             - 'bold small caps'  (b/sc) with NFSS spec.: <->"Times
(fontspec)             New Roman/B/OT:script=latn;language=dflt;+smcp;"
(fontspec)             - 'italic' (m/it) with NFSS spec.: <->"Times New
(fontspec)             Roman/I/OT:script=latn;language=dflt;"
(fontspec)             - 'italic small caps'  (m/scit) with NFSS spec.:
(fontspec)             <->"Times New
(fontspec)             Roman/I/OT:script=latn;language=dflt;+smcp;"
(fontspec)             - 'bold italic' (b/it) with NFSS spec.: <->"Times New
(fontspec)             Roman/BI/OT:script=latn;language=dflt;"
(fontspec)             - 'bold italic small caps'  (b/scit) with NFSS spec.:
(fontspec)             <->"Times New
(fontspec)             Roman/BI/OT:script=latn;language=dflt;+smcp;"


(Y:\miktex-portable\texmfs\install\tex/latex/amsmath\amsmath.sty
Package: amsmath 2020/01/20 v2.17e AMS math features
\@mathmargin=\skip56

For additional information on amsmath, use the `?' option.
(Y:\miktex-portable\texmfs\install\tex/latex/amsmath\amstext.sty
Package: amstext 2000/06/29 v2.01 AMS text

(Y:\miktex-portable\texmfs\install\tex/latex/amsmath\amsgen.sty
File: amsgen.sty 1999/11/30 v2.0 generic functions
\@emptytoks=\toks15
\ex@=\dimen167
))
(Y:\miktex-portable\texmfs\install\tex/latex/amsmath\amsbsy.sty
Package: amsbsy 1999/11/29 v1.2d Bold Symbols
\pmbraise@=\dimen168
)
(Y:\miktex-portable\texmfs\install\tex/latex/amsmath\amsopn.sty
Package: amsopn 2016/03/08 v2.02 operator names
)
\inf@bad=\count268
LaTeX Info: Redefining \frac on input line 227.
\uproot@=\count269
\leftroot@=\count270
LaTeX Info: Redefining \overline on input line 389.
\classnum@=\count271
\DOTSCASE@=\count272
LaTeX Info: Redefining \ldots on input line 486.
LaTeX Info: Redefining \dots on input line 489.
LaTeX Info: Redefining \cdots on input line 610.
\Mathstrutbox@=\box47
\strutbox@=\box48
\big@size=\dimen169
LaTeX Font Info:    Redeclaring font encoding OML on input line 733.
LaTeX Font Info:    Redeclaring font encoding OMS on input line 734.
\macc@depth=\count273
\c@MaxMatrixCols=\count274
\dotsspace@=\muskip17
\c@parentequation=\count275
\dspbrk@lvl=\count276
\tag@help=\toks16
\row@=\count277
\column@=\count278
\maxfields@=\count279
\andhelp@=\toks17
\eqnshift@=\dimen170
\alignsep@=\dimen171
\tagshift@=\dimen172
\tagwidth@=\dimen173
\totwidth@=\dimen174
\lineht@=\dimen175
\@envbody=\toks18
\multlinegap=\skip57
\multlinetaggap=\skip58
\mathdisplay@stack=\toks19
LaTeX Info: Redefining \[ on input line 2859.
LaTeX Info: Redefining \] on input line 2860.
)
(Y:\miktex-portable\texmfs\install\tex/latex/amsfonts\amssymb.sty
Package: amssymb 2013/01/14 v3.01 AMS font symbols

(Y:\miktex-portable\texmfs\install\tex/latex/amsfonts\amsfonts.sty
Package: amsfonts 2013/01/14 v3.01 Basic AMSFonts support
\symAMSa=\mathgroup4
\symAMSb=\mathgroup5
LaTeX Font Info:    Redeclaring math symbol \hbar on input line 98.
LaTeX Font Info:    Overwriting math alphabet `\mathfrak' in version `bold'
(Font)                  U/euf/m/n --> U/euf/b/n on input line 106.
))
(Y:\miktex-portable\texmfs\install\tex/latex/graphics\graphicx.sty
Package: graphicx 2019/11/30 v1.2a Enhanced LaTeX Graphics (DPC,SPQR)

(Y:\miktex-portable\texmfs\install\tex/latex/graphics\keyval.sty
Package: keyval 2014/10/28 v1.15 key=value parser (DPC)
\KV@toks@=\toks20
)
(Y:\miktex-portable\texmfs\install\tex/latex/graphics\graphics.sty
Package: graphics 2019/11/30 v1.4a Standard LaTeX Graphics (DPC,SPQR)

(Y:\miktex-portable\texmfs\install\tex/latex/graphics\trig.sty
Package: trig 2016/01/03 v1.10 sin cos tan (DPC)
)
(Y:\miktex-portable\texmfs\install\tex/latex/graphics-cfg\graphics.cfg
File: graphics.cfg 2016/06/04 v1.11 sample graphics configuration
)
Package graphics Info: Driver file: xetex.def on input line 105.

(Y:\miktex-portable\texmfs\install\tex/latex/graphics-def\xetex.def
File: xetex.def 2017/06/24 v5.0h Graphics/color driver for xetex
))
\Gin@req@height=\dimen176
\Gin@req@width=\dimen177
)
(Y:\miktex-portable\texmfs\install\tex/latex/subfig\subfig.sty
Package: subfig 2005/06/28 ver: 1.3 subfig package

(Y:\miktex-portable\texmfs\install\tex/latex/caption\caption.sty
Package: caption 2020/10/26 v3.5g Customizing captions (AR)

(Y:\miktex-portable\texmfs\install\tex/latex/caption\caption3.sty
Package: caption3 2020/10/21 v2.2e caption3 kernel (AR)
\captionmargin=\dimen178
\captionmargin@=\dimen179
\captionwidth=\dimen180
\caption@tempdima=\dimen181
\caption@indent=\dimen182
\caption@parindent=\dimen183
\caption@hangindent=\dimen184
Package caption Info: Standard document class detected.
)
\c@caption@flags=\count280
\c@continuedfloat=\count281
)
\c@KVtest=\count282
\sf@farskip=\skip59
\sf@captopadj=\dimen185
\sf@capskip=\skip60
\sf@nearskip=\skip61
\c@subfigure=\count283
\c@subfigure@save=\count284
\c@lofdepth=\count285
\c@subtable=\count286
\c@subtable@save=\count287
\c@lotdepth=\count288
\sf@top=\skip62
\sf@bottom=\skip63
)
<<<<<<< HEAD
<<<<<<< HEAD:LaTeX報告/tex/second.log
=======
>>>>>>> 23e572edda033d5f5fbfb3748ca64039b6fb754c
(Y:\miktex-portable\texmfs\install\tex/latex/fontawesome5\fontawesome5.sty
Package: fontawesome5 2020/03/24 v5.13.0 Font Awesome 5

(Y:\miktex-portable\texmfs\install\tex/latex/fontawesome5\fontawesome5-utex-hel
per.sty
Package: fontawesome5-utex-helper 2020/03/24 v5.13.0 uTeX helper for fontawesom
e5
LaTeX Font Info:    Trying to load font information for TU+fontawesomefree on i
nput line 69.

(Y:\miktex-portable\texmfs\install\tex/latex/fontawesome5\tufontawesomefree.fd)
LaTeX Font Info:    Trying to load font information for TU+fontawesomebrands on
 input line 70.

(Y:\miktex-portable\texmfs\install\tex/latex/fontawesome5\tufontawesomebrands.f
d))) (Y:\miktex-portable\texmfs\install\tex/latex/type1cm\type1cm.sty
<<<<<<< HEAD
=======
(Y:\miktex-portable\texmfs\install\tex/latex/type1cm\type1cm.sty
>>>>>>> 23e572edda033d5f5fbfb3748ca64039b6fb754c:40723150/latex/4072pj1.log
=======
>>>>>>> 23e572edda033d5f5fbfb3748ca64039b6fb754c
Package: type1cm 2002/09/05 v0.04 BlueSky/Y&Y Type1 CM font definitions (DPC, p
atched RF)
)
(Y:\miktex-portable\texmfs\install\tex/latex/textpos\textpos.sty
Package: textpos 2020/09/26 v1.10

Package: textpos 2020/09/26 1.10, absolute positioning of text on the page
Package textpos Info: choosing support for LaTeX2e on input line 61.
\TP@textbox=\box49
\TPHorizModule=\dimen186
\TPVertModule=\dimen187
\TP@margin=\dimen188
\TP@absmargin=\dimen189
Grid set 16 x 16 = 37.34424pt x 52.81541pt
\TPboxrulesize=\dimen190
\TP@tbargs=\toks21
) (Y:\miktex-portable\texmfs\install\tex/latex/geometry\geometry.sty
Package: geometry 2020/01/02 v5.9 Page Geometry

(Y:\miktex-portable\texmfs\install\tex/generic/iftex\ifvtex.sty
Package: ifvtex 2019/10/25 v1.7 ifvtex legacy package. Use iftex instead.

(Y:\miktex-portable\texmfs\install\tex/generic/iftex\iftex.sty
Package: iftex 2020/03/06 v1.0d TeX engine tests
))
\Gm@cnth=\count289
\Gm@cntv=\count290
\c@Gm@tempcnt=\count291
\Gm@bindingoffset=\dimen191
\Gm@wd@mp=\dimen192
\Gm@odd@mp=\dimen193
\Gm@even@mp=\dimen194
\Gm@layoutwidth=\dimen195
\Gm@layoutheight=\dimen196
\Gm@layouthoffset=\dimen197
\Gm@layoutvoffset=\dimen198
\Gm@dimlist=\toks22

(Y:\miktex-portable\texmfs\install\tex/xelatex/xetexconfig\geometry.cfg))
(Y:\miktex-portable\texmfs\install\tex/latex/titlesec\titlesec.sty
Package: titlesec 2019/10/16 v2.13 Sectioning titles
\ttl@box=\box50
\beforetitleunit=\skip64
\aftertitleunit=\skip65
\ttl@plus=\dimen199
\ttl@minus=\dimen256
\ttl@toksa=\toks23
\titlewidth=\dimen257
\titlewidthlast=\dimen258
\titlewidthfirst=\dimen259
)
(Y:\miktex-portable\texmfs\install\tex/latex/titlesec\titletoc.sty
Package: titletoc 2019/10/16 v2.13 TOC entries
\ttl@leftsep=\dimen260
)
<<<<<<< HEAD
<<<<<<< HEAD:LaTeX報告/tex/second.log
=======
>>>>>>> 23e572edda033d5f5fbfb3748ca64039b6fb754c
(Y:\miktex-portable\texmfs\install\tex/latex/base\textcomp.sty
Package: textcomp 2020/02/02 v2.0n Standard LaTeX package
)
(Y:\miktex-portable\texmfs\install\tex/latex/multirow\multirow.sty
Package: multirow 2021/03/15 v2.8 Span multiple rows of a table
\multirow@colwidth=\skip66
\multirow@cntb=\count292
\multirow@dima=\skip67
\bigstrutjot=\dimen261
)
(Y:\miktex-portable\texmfs\install\tex/latex/tools\multicol.sty
Package: multicol 2019/12/09 v1.8y multicolumn formatting (FMi)
\c@tracingmulticols=\count293
\mult@box=\box51
\multicol@leftmargin=\dimen262
\c@unbalance=\count294
\c@collectmore=\count295
\doublecol@number=\count296
\multicoltolerance=\count297
\multicolpretolerance=\count298
\full@width=\dimen263
\page@free=\dimen264
\premulticols=\dimen265
\postmulticols=\dimen266
\multicolsep=\skip68
\multicolbaselineskip=\skip69
\partial@page=\box52
\last@line=\box53
\maxbalancingoverflow=\dimen267
\mult@rightbox=\box54
\mult@grightbox=\box55
\mult@gfirstbox=\box56
\mult@firstbox=\box57
\@tempa=\box58
\@tempa=\box59
\@tempa=\box60
\@tempa=\box61
\@tempa=\box62
\@tempa=\box63
\@tempa=\box64
\@tempa=\box65
\@tempa=\box66
\@tempa=\box67
\@tempa=\box68
\@tempa=\box69
\@tempa=\box70
\@tempa=\box71
\@tempa=\box72
\@tempa=\box73
\@tempa=\box74
\@tempa=\box75
\@tempa=\box76
\@tempa=\box77
\@tempa=\box78
\@tempa=\box79
\@tempa=\box80
\@tempa=\box81
\@tempa=\box82
\@tempa=\box83
\@tempa=\box84
\@tempa=\box85
\@tempa=\box86
\@tempa=\box87
\@tempa=\box88
\@tempa=\box89
\@tempa=\box90
\@tempa=\box91
\@tempa=\box92
\@tempa=\box93
\@tempa=\box94
\c@minrows=\count299
\c@columnbadness=\count300
\c@finalcolumnbadness=\count301
\last@try=\dimen268
\multicolovershoot=\dimen269
\multicolundershoot=\dimen270
\mult@nat@firstbox=\box95
\colbreak@box=\box96
\mc@col@check@num=\count302
)
<<<<<<< HEAD
=======
>>>>>>> 23e572edda033d5f5fbfb3748ca64039b6fb754c:40723150/latex/4072pj1.log
=======
>>>>>>> 23e572edda033d5f5fbfb3748ca64039b6fb754c
(Y:\miktex-portable\texmfs\install\tex/latex/cjk\CJKnumb.sty
Package: CJKnumb 2015/04/18 4.8.4
\CJK@q=\count303
\CJK@r=\count304
)
(Y:\miktex-portable\texmfs\install\tex/latex/wallpaper\wallpaper.sty
Package: wallpaper 2005/01/18, v1.01 easy wallpaper formatting (MHFW)

(Y:\miktex-portable\texmfs\install\tex/latex/base\ifthen.sty
Package: ifthen 2014/09/29 v1.1c Standard LaTeX ifthen package (DPC)
)
(Y:\miktex-portable\texmfs\install\tex/latex/tools\calc.sty
Package: calc 2017/05/25 v4.3 Infix arithmetic (KKT,FJ)
\calc@Acount=\count305
\calc@Bcount=\count306
\calc@Adimen=\dimen271
\calc@Bdimen=\dimen272
\calc@Askip=\skip70
\calc@Bskip=\skip71
LaTeX Info: Redefining \setlength on input line 80.
LaTeX Info: Redefining \addtolength on input line 81.
\calc@Ccount=\count307
\calc@Cskip=\skip72
)
(Y:\miktex-portable\texmfs\install\tex/latex/eso-pic\eso-pic.sty
Package: eso-pic 2018/04/12 v2.0h eso-pic (RN)

(Y:\miktex-portable\texmfs\install\tex/generic/atbegshi\atbegshi.sty
Package: atbegshi 2019/12/05 v1.19 At begin shipout hook (HO)

(Y:\miktex-portable\texmfs\install\tex/generic/infwarerr\infwarerr.sty
Package: infwarerr 2019/12/03 v1.5 Providing info/warning/error messages (HO)
)
(Y:\miktex-portable\texmfs\install\tex/generic/ltxcmds\ltxcmds.sty
Package: ltxcmds 2020-05-10 v1.25 LaTeX kernel commands for general use (HO)
))
(Y:\miktex-portable\texmfs\install\tex/latex/xcolor\xcolor.sty
Package: xcolor 2016/05/11 v2.12 LaTeX color extensions (UK)

(Y:\miktex-portable\texmfs\install\tex/latex/graphics-cfg\color.cfg
File: color.cfg 2016/01/02 v1.6 sample color configuration
)
Package xcolor Info: Driver file: xetex.def on input line 225.
Package xcolor Info: Model `cmy' substituted by `cmy0' on input line 1348.
Package xcolor Info: Model `RGB' extended on input line 1364.
Package xcolor Info: Model `HTML' substituted by `rgb' on input line 1366.
Package xcolor Info: Model `Hsb' substituted by `hsb' on input line 1367.
Package xcolor Info: Model `tHsb' substituted by `hsb' on input line 1368.
Package xcolor Info: Model `HSB' substituted by `hsb' on input line 1369.
Package xcolor Info: Model `Gray' substituted by `gray' on input line 1370.
Package xcolor Info: Model `wave' substituted by `hsb' on input line 1371.
))
\wpXoffset=\skip73
\wpYoffset=\skip74
\tileXoffset=\skip75
\tileYoffset=\skip76
\tilewidth=\skip77
\tileheight=\skip78
\tileX=\skip79
\tileY=\skip80
)
(Y:\miktex-portable\texmfs\install\tex/latex/listings\listings.sty
<<<<<<< HEAD
<<<<<<< HEAD:LaTeX報告/tex/second.log
=======
>>>>>>> 23e572edda033d5f5fbfb3748ca64039b6fb754c
\lst@mode=\count308
\lst@gtempboxa=\box97
\lst@token=\toks24
\lst@length=\count309
\lst@currlwidth=\dimen273
\lst@column=\count310
\lst@pos=\count311
\lst@lostspace=\dimen274
\lst@width=\dimen275
\lst@newlines=\count312
\lst@lineno=\count313
\lst@maxwidth=\dimen276
<<<<<<< HEAD
=======
\lst@mode=\count297
\lst@gtempboxa=\box51
\lst@token=\toks24
\lst@length=\count298
\lst@currlwidth=\dimen263
\lst@column=\count299
\lst@pos=\count300
\lst@lostspace=\dimen264
\lst@width=\dimen265
\lst@newlines=\count301
\lst@lineno=\count302
\lst@maxwidth=\dimen266
>>>>>>> 23e572edda033d5f5fbfb3748ca64039b6fb754c:40723150/latex/4072pj1.log
=======
>>>>>>> 23e572edda033d5f5fbfb3748ca64039b6fb754c

(Y:\miktex-portable\texmfs\install\tex/latex/listings\lstmisc.sty
File: lstmisc.sty 2019/09/10 1.8c (Carsten Heinz)
\c@lstnumber=\count314
\lst@skipnumbers=\count315
\lst@framebox=\box98
)
(Y:\miktex-portable\texmfs\install\tex/latex/listings\listings.cfg
File: listings.cfg 2019/09/10 1.8c listings configuration
))
Package: listings 2019/09/10 1.8c (Carsten Heinz)

<<<<<<< HEAD
<<<<<<< HEAD:LaTeX報告/tex/second.log
=======
(Y:\miktex-portable\texmfs\install\tex/latex/listings\lstlang1.sty
File: lstlang1.sty 2019/09/10 1.8c listings language file
)
>>>>>>> 23e572edda033d5f5fbfb3748ca64039b6fb754c:40723150/latex/4072pj1.log
=======
>>>>>>> 23e572edda033d5f5fbfb3748ca64039b6fb754c
(Y:\miktex-portable\texmfs\install\tex/latex/hyperref\hyperref.sty
Package: hyperref 2020/01/14 v7.00d Hypertext links for LaTeX

(Y:\miktex-portable\texmfs\install\tex/latex/pdftexcmds\pdftexcmds.sty
Package: pdftexcmds 2019/11/24 v0.31 Utility functions of pdfTeX for LuaTeX (HO
)
Package pdftexcmds Info: \pdf@primitive is available.
Package pdftexcmds Info: \pdf@ifprimitive is available.
Package pdftexcmds Info: \pdfdraftmode not found.
)
(Y:\miktex-portable\texmfs\install\tex/generic/kvsetkeys\kvsetkeys.sty
Package: kvsetkeys 2019/12/15 v1.18 Key value parser (HO)
)
(Y:\miktex-portable\texmfs\install\tex/generic/kvdefinekeys\kvdefinekeys.sty
Package: kvdefinekeys 2019-12-19 v1.6 Define keys (HO)
)
(Y:\miktex-portable\texmfs\install\tex/generic/pdfescape\pdfescape.sty
Package: pdfescape 2019/12/09 v1.15 Implements pdfTeX's escape features (HO)
)
(Y:\miktex-portable\texmfs\install\tex/latex/hycolor\hycolor.sty
Package: hycolor 2020-01-27 v1.10 Color options for hyperref/bookmark (HO)
)
(Y:\miktex-portable\texmfs\install\tex/latex/letltxmacro\letltxmacro.sty
Package: letltxmacro 2019/12/03 v1.6 Let assignment for LaTeX macros (HO)
)
(Y:\miktex-portable\texmfs\install\tex/latex/auxhook\auxhook.sty
Package: auxhook 2019-12-17 v1.6 Hooks for auxiliary files (HO)
)
(Y:\miktex-portable\texmfs\install\tex/latex/kvoptions\kvoptions.sty
Package: kvoptions 2020-10-07 v3.14 Key value format for package options (HO)
)
\@linkdim=\dimen277
\Hy@linkcounter=\count316
\Hy@pagecounter=\count317

(Y:\miktex-portable\texmfs\install\tex/latex/hyperref\pd1enc.def
File: pd1enc.def 2020/01/14 v7.00d Hyperref: PDFDocEncoding definition (HO)
)
(Y:\miktex-portable\texmfs\install\tex/generic/intcalc\intcalc.sty
Package: intcalc 2019/12/15 v1.3 Expandable calculations with integers (HO)
)
(Y:\miktex-portable\texmfs\install\tex/generic/etexcmds\etexcmds.sty
Package: etexcmds 2019/12/15 v1.7 Avoid name clashes with e-TeX commands (HO)
)
\Hy@SavedSpaceFactor=\count318
Package hyperref Info: Hyper figures OFF on input line 4547.
Package hyperref Info: Link nesting OFF on input line 4552.
Package hyperref Info: Hyper index ON on input line 4555.
Package hyperref Info: Plain pages OFF on input line 4562.
Package hyperref Info: Backreferencing OFF on input line 4567.
Package hyperref Info: Implicit mode ON; LaTeX internals redefined.
Package hyperref Info: Bookmarks ON on input line 4800.
<<<<<<< HEAD
<<<<<<< HEAD:LaTeX報告/tex/second.log
\c@Hy@tempcnt=\count319
=======
\c@Hy@tempcnt=\count308
>>>>>>> 23e572edda033d5f5fbfb3748ca64039b6fb754c:40723150/latex/4072pj1.log
=======
\c@Hy@tempcnt=\count319
>>>>>>> 23e572edda033d5f5fbfb3748ca64039b6fb754c

(Y:\miktex-portable\texmfs\install\tex/latex/url\url.sty
\Urlmuskip=\muskip18
Package: url 2013/09/16  ver 3.4  Verb mode for urls, etc.
)
LaTeX Info: Redefining \url on input line 5159.
\XeTeXLinkMargin=\dimen278

(Y:\miktex-portable\texmfs\install\tex/generic/bitset\bitset.sty
Package: bitset 2019/12/09 v1.3 Handle bit-vector datatype (HO)

(Y:\miktex-portable\texmfs\install\tex/generic/bigintcalc\bigintcalc.sty
Package: bigintcalc 2019/12/15 v1.5 Expandable calculations on big integers (HO
)
))
\Fld@menulength=\count320
\Field@Width=\dimen279
\Fld@charsize=\dimen280
Package hyperref Info: Hyper figures OFF on input line 6430.
Package hyperref Info: Link nesting OFF on input line 6435.
Package hyperref Info: Hyper index ON on input line 6438.
Package hyperref Info: backreferencing OFF on input line 6445.
Package hyperref Info: Link coloring OFF on input line 6450.
Package hyperref Info: Link coloring with OCG OFF on input line 6455.
Package hyperref Info: PDF/A mode OFF on input line 6460.
LaTeX Info: Redefining \ref on input line 6500.
LaTeX Info: Redefining \pageref on input line 6504.
\Hy@abspage=\count321
\c@Item=\count322
\c@Hfootnote=\count323
)
Package hyperref Info: Driver (autodetected): hxetex.

(Y:\miktex-portable\texmfs\install\tex/latex/hyperref\hxetex.def
File: hxetex.def 2020/01/14 v7.00d Hyperref driver for XeTeX

(Y:\miktex-portable\texmfs\install\tex/latex/hyperref\puenc.def
File: puenc.def 2020/01/14 v7.00d Hyperref: PDF Unicode definition (HO)
)
(Y:\miktex-portable\texmfs\install\tex/generic/stringenc\stringenc.sty
Package: stringenc 2019/11/29 v1.12 Convert strings between diff. encodings (HO
)
)
<<<<<<< HEAD
<<<<<<< HEAD:LaTeX報告/tex/second.log
=======
>>>>>>> 23e572edda033d5f5fbfb3748ca64039b6fb754c
\pdfm@box=\box99
\c@Hy@AnnotLevel=\count324
\HyField@AnnotCount=\count325
\Fld@listcount=\count326
\c@bookmark@seq@number=\count327
<<<<<<< HEAD
=======
\pdfm@box=\box53
\c@Hy@AnnotLevel=\count313
\HyField@AnnotCount=\count314
\Fld@listcount=\count315
\c@bookmark@seq@number=\count316
>>>>>>> 23e572edda033d5f5fbfb3748ca64039b6fb754c:40723150/latex/4072pj1.log
=======
>>>>>>> 23e572edda033d5f5fbfb3748ca64039b6fb754c

(Y:\miktex-portable\texmfs\install\tex/latex/rerunfilecheck\rerunfilecheck.sty
Package: rerunfilecheck 2019/12/05 v1.9 Rerun checks for auxiliary files (HO)

(Y:\miktex-portable\texmfs\install\tex/latex/atveryend\atveryend.sty
Package: atveryend 2019-12-11 v1.11 Hooks at the very end of document (HO)
Package atveryend Info: \enddocument detected (standard20110627).
)
(Y:\miktex-portable\texmfs\install\tex/generic/uniquecounter\uniquecounter.sty
Package: uniquecounter 2019/12/15 v1.4 Provide unlimited unique counter (HO)
)
Package uniquecounter Info: New unique counter `rerunfilecheck' on input line 2
86.
)
<<<<<<< HEAD
<<<<<<< HEAD:LaTeX報告/tex/second.log
=======
>>>>>>> 23e572edda033d5f5fbfb3748ca64039b6fb754c
\Hy@SectionHShift=\skip81
) (Y:\miktex-portable\texmfs\install\tex/latex/setspace\setspace.sty
Package: setspace 2011/12/19 v6.7a set line spacing
)
(Y:\miktex-portable\texmfs\install\tex/latex/listings\lstlang1.sty
File: lstlang1.sty 2019/09/10 1.8c listings language file
)
<<<<<<< HEAD
=======
\Hy@SectionHShift=\skip77
) (Y:\miktex-portable\texmfs\install\tex/latex/fontawesome5\fontawesome5.sty
Package: fontawesome5 2020/03/24 v5.13.0 Font Awesome 5

(Y:\miktex-portable\texmfs\install\tex/latex/fontawesome5\fontawesome5-utex-hel
per.sty
Package: fontawesome5-utex-helper 2020/03/24 v5.13.0 uTeX helper for fontawesom
e5
LaTeX Font Info:    Trying to load font information for TU+fontawesomefree on i
nput line 69.

(Y:\miktex-portable\texmfs\install\tex/latex/fontawesome5\tufontawesomefree.fd)
LaTeX Font Info:    Trying to load font information for TU+fontawesomebrands on
 input line 70.

(Y:\miktex-portable\texmfs\install\tex/latex/fontawesome5\tufontawesomebrands.f
d))) (Y:\miktex-portable\texmfs\install\tex/latex/setspace\setspace.sty
Package: setspace 2011/12/19 v6.7a set line spacing
)
>>>>>>> 23e572edda033d5f5fbfb3748ca64039b6fb754c:40723150/latex/4072pj1.log
=======
>>>>>>> 23e572edda033d5f5fbfb3748ca64039b6fb754c
(Y:\miktex-portable\texmfs\install\tex/latex/tools\indentfirst.sty
Package: indentfirst 1995/11/23 v1.03 Indent first paragraph (DPC)
)
(Y:\miktex-portable\texmfs\install\tex/xelatex/xecjk\xeCJK-listings.sty
Package: xeCJK-listings 2020/02/18 v3.8.2 xeCJK patch file for listings
\l__xeCJK_listings_max_char_int=\count328
\l__xeCJK_listings_flag_int=\count329
)

LaTeX Warning: Unused global option(s):
    [14pt].

<<<<<<< HEAD
<<<<<<< HEAD:LaTeX報告/tex/second.log
=======
>>>>>>> 23e572edda033d5f5fbfb3748ca64039b6fb754c
(second.aux

LaTeX Warning: Label `fig.s_to_s' multiply defined.


LaTeX Warning: Label `code.' multiply defined.

)
\openout1 = `second.aux'.

LaTeX Font Info:    Checking defaults for OML/cmm/m/it on input line 51.
LaTeX Font Info:    ... okay on input line 51.
LaTeX Font Info:    Checking defaults for OMS/cmsy/m/n on input line 51.
LaTeX Font Info:    ... okay on input line 51.
LaTeX Font Info:    Checking defaults for OT1/cmr/m/n on input line 51.
LaTeX Font Info:    ... okay on input line 51.
LaTeX Font Info:    Checking defaults for T1/cmr/m/n on input line 51.
LaTeX Font Info:    ... okay on input line 51.
LaTeX Font Info:    Checking defaults for TS1/cmr/m/n on input line 51.
LaTeX Font Info:    Trying to load font information for TS1+cmr on input line 5
1.
<<<<<<< HEAD
=======
(4072pj1.aux)
\openout1 = `4072pj1.aux'.

LaTeX Font Info:    Checking defaults for OML/cmm/m/it on input line 50.
LaTeX Font Info:    ... okay on input line 50.
LaTeX Font Info:    Checking defaults for OMS/cmsy/m/n on input line 50.
LaTeX Font Info:    ... okay on input line 50.
LaTeX Font Info:    Checking defaults for OT1/cmr/m/n on input line 50.
LaTeX Font Info:    ... okay on input line 50.
LaTeX Font Info:    Checking defaults for T1/cmr/m/n on input line 50.
LaTeX Font Info:    ... okay on input line 50.
LaTeX Font Info:    Checking defaults for TS1/cmr/m/n on input line 50.
LaTeX Font Info:    Trying to load font information for TS1+cmr on input line 5
0.
>>>>>>> 23e572edda033d5f5fbfb3748ca64039b6fb754c:40723150/latex/4072pj1.log
=======
>>>>>>> 23e572edda033d5f5fbfb3748ca64039b6fb754c
 (Y:\miktex-portable\texmfs\install\tex/latex/base\ts1cmr.fd
File: ts1cmr.fd 2019/12/16 v2.5j Standard LaTeX font definitions
)
LaTeX Font Info:    ... okay on input line 51.
LaTeX Font Info:    Checking defaults for TU/lmr/m/n on input line 51.
LaTeX Font Info:    ... okay on input line 51.
LaTeX Font Info:    Checking defaults for OMX/cmex/m/n on input line 51.
LaTeX Font Info:    ... okay on input line 51.
LaTeX Font Info:    Checking defaults for U/cmr/m/n on input line 51.
LaTeX Font Info:    ... okay on input line 51.
LaTeX Font Info:    Checking defaults for PD1/pdf/m/n on input line 51.
LaTeX Font Info:    ... okay on input line 51.
LaTeX Font Info:    Checking defaults for PU/pdf/m/n on input line 51.
LaTeX Font Info:    ... okay on input line 51.

Package fontspec Info: Adjusting the maths setup (use [no-math] to avoid
(fontspec)             this).

\symlegacymaths=\mathgroup6
LaTeX Font Info:    Overwriting symbol font `legacymaths' in version `bold'
(Font)                  OT1/cmr/m/n --> OT1/cmr/bx/n on input line 51.
LaTeX Font Info:    Redeclaring math accent \acute on input line 51.
LaTeX Font Info:    Redeclaring math accent \grave on input line 51.
LaTeX Font Info:    Redeclaring math accent \ddot on input line 51.
LaTeX Font Info:    Redeclaring math accent \tilde on input line 51.
LaTeX Font Info:    Redeclaring math accent \bar on input line 51.
LaTeX Font Info:    Redeclaring math accent \breve on input line 51.
LaTeX Font Info:    Redeclaring math accent \check on input line 51.
LaTeX Font Info:    Redeclaring math accent \hat on input line 51.
LaTeX Font Info:    Redeclaring math accent \dot on input line 51.
LaTeX Font Info:    Redeclaring math accent \mathring on input line 51.
LaTeX Font Info:    Redeclaring math symbol \Gamma on input line 51.
LaTeX Font Info:    Redeclaring math symbol \Delta on input line 51.
LaTeX Font Info:    Redeclaring math symbol \Theta on input line 51.
LaTeX Font Info:    Redeclaring math symbol \Lambda on input line 51.
LaTeX Font Info:    Redeclaring math symbol \Xi on input line 51.
LaTeX Font Info:    Redeclaring math symbol \Pi on input line 51.
LaTeX Font Info:    Redeclaring math symbol \Sigma on input line 51.
LaTeX Font Info:    Redeclaring math symbol \Upsilon on input line 51.
LaTeX Font Info:    Redeclaring math symbol \Phi on input line 51.
LaTeX Font Info:    Redeclaring math symbol \Psi on input line 51.
LaTeX Font Info:    Redeclaring math symbol \Omega on input line 51.
LaTeX Font Info:    Redeclaring math symbol \mathdollar on input line 51.
LaTeX Font Info:    Redeclaring symbol font `operators' on input line 51.
LaTeX Font Info:    Encoding `OT1' has changed to `TU' for symbol font
(Font)              `operators' in the math version `normal' on input line 51.
LaTeX Font Info:    Overwriting symbol font `operators' in version `normal'
(Font)                  OT1/cmr/m/n --> TU/lmr/m/n on input line 51.
LaTeX Font Info:    Encoding `OT1' has changed to `TU' for symbol font
(Font)              `operators' in the math version `bold' on input line 51.
LaTeX Font Info:    Overwriting symbol font `operators' in version `bold'
(Font)                  OT1/cmr/bx/n --> TU/lmr/m/n on input line 51.
LaTeX Font Info:    Overwriting symbol font `operators' in version `normal'
(Font)                  TU/lmr/m/n --> TU/lmr/m/n on input line 51.
LaTeX Font Info:    Overwriting math alphabet `\mathit' in version `normal'
(Font)                  OT1/cmr/m/it --> TU/lmr/m/it on input line 51.
LaTeX Font Info:    Overwriting math alphabet `\mathbf' in version `normal'
(Font)                  OT1/cmr/bx/n --> TU/lmr/b/n on input line 51.
LaTeX Font Info:    Overwriting math alphabet `\mathsf' in version `normal'
(Font)                  OT1/cmss/m/n --> TU/lmss/m/n on input line 51.
LaTeX Font Info:    Overwriting math alphabet `\mathtt' in version `normal'
(Font)                  OT1/cmtt/m/n --> TU/lmtt/m/n on input line 51.
LaTeX Font Info:    Overwriting symbol font `operators' in version `bold'
(Font)                  TU/lmr/m/n --> TU/lmr/b/n on input line 51.
LaTeX Font Info:    Overwriting math alphabet `\mathit' in version `bold'
(Font)                  OT1/cmr/bx/it --> TU/lmr/b/it on input line 51.
LaTeX Font Info:    Overwriting math alphabet `\mathsf' in version `bold'
(Font)                  OT1/cmss/bx/n --> TU/lmss/b/n on input line 51.
LaTeX Font Info:    Overwriting math alphabet `\mathtt' in version `bold'
(Font)                  OT1/cmtt/m/n --> TU/lmtt/b/n on input line 51.
Package caption Info: Begin \AtBeginDocument code.
Package caption Info: subfig package v1.3 is loaded.
Package caption Info: hyperref package is loaded.
Package caption Info: listings package is loaded.
Package caption Info: End \AtBeginDocument code.

*geometry* detected driver: pdftex
*geometry* verbose mode - [ preamble ] result:
* driver: pdftex
* paper: a4paper
* layout: <same size as paper>
* layoutoffset:(h,v)=(0.0pt,0.0pt)
* modes: 
* h-part:(L,W,R)=(85.35826pt, 441.01773pt, 71.13188pt)
* v-part:(T,H,B)=(71.13188pt, 702.78308pt, 71.13188pt)
* \paperwidth=597.50787pt
* \paperheight=845.04684pt
* \textwidth=441.01773pt
* \textheight=702.78308pt
* \oddsidemargin=13.08827pt
* \evensidemargin=13.08827pt
* \topmargin=-38.1381pt
* \headheight=12.0pt
* \headsep=25.0pt
* \topskip=10.0pt
* \footskip=30.0pt
* \marginparwidth=57.0pt
* \marginparsep=11.0pt
* \columnsep=10.0pt
* \skip\footins=9.0pt plus 4.0pt minus 2.0pt
* \hoffset=-14.22636pt
* \voffset=-28.45274pt
* \mag=1000
* \@twocolumnfalse
* \@twosidefalse
* \@mparswitchfalse
* \@reversemarginfalse
* (1in=72.27pt=25.4mm, 1cm=28.453pt)

<<<<<<< HEAD
<<<<<<< HEAD:LaTeX報告/tex/second.log
\AtBeginShipoutBox=\box100
\c@lstlisting=\count330
Package hyperref Info: Link coloring OFF on input line 51.
=======
\AtBeginShipoutBox=\box54
\c@lstlisting=\count319
Package hyperref Info: Link coloring OFF on input line 50.
>>>>>>> 23e572edda033d5f5fbfb3748ca64039b6fb754c:40723150/latex/4072pj1.log
=======
\AtBeginShipoutBox=\box100
\c@lstlisting=\count330
Package hyperref Info: Link coloring OFF on input line 51.
>>>>>>> 23e572edda033d5f5fbfb3748ca64039b6fb754c
(Y:\miktex-portable\texmfs\install\tex/latex/hyperref\nameref.sty
Package: nameref 2019/09/16 v2.46 Cross-referencing by name of section

(Y:\miktex-portable\texmfs\install\tex/latex/refcount\refcount.sty
Package: refcount 2019/12/15 v3.6 Data extraction from label references (HO)
)
(Y:\miktex-portable\texmfs\install\tex/generic/gettitlestring\gettitlestring.st
y
Package: gettitlestring 2019/12/15 v1.6 Cleanup title references (HO)
)
\c@section@level=\count331
)
<<<<<<< HEAD
<<<<<<< HEAD:LaTeX報告/tex/second.log
=======
>>>>>>> 23e572edda033d5f5fbfb3748ca64039b6fb754c
LaTeX Info: Redefining \ref on input line 51.
LaTeX Info: Redefining \pageref on input line 51.
LaTeX Info: Redefining \nameref on input line 51.
 (second.out) (second.out)
\@outlinefile=\write3
\openout3 = `second.out'.
<<<<<<< HEAD
=======
LaTeX Info: Redefining \ref on input line 50.
LaTeX Info: Redefining \pageref on input line 50.
LaTeX Info: Redefining \nameref on input line 50.
 (4072pj1.out) (4072pj1.out)
\@outlinefile=\write3
\openout3 = `4072pj1.out'.
>>>>>>> 23e572edda033d5f5fbfb3748ca64039b6fb754c:40723150/latex/4072pj1.log
=======
>>>>>>> 23e572edda033d5f5fbfb3748ca64039b6fb754c


Underfull \hbox (badness 10000) detected at line 56
\TU/標楷體(0)/m/n/24 國 立 虎 尾 科 技 大 學
 []


Underfull \hbox (badness 10000) detected at line 58
\TU/標楷體(0)/m/n/24 機 械 設 計 工 程 系
 []


Underfull \hbox (badness 10000) detected at line 60
\TU/標楷體(0)/m/n/24 專 題 製 作 報 告
 []


LaTeX Font Warning: Font shape `TU/標楷體(0)/b/n' undefined
(Font)              using `TU/標楷體(0)/m/n' instead on input line 63.


Overfull \hbox (116.6662pt too wide) detected at line 77
\TU/標楷體(0)/m/n/17.28 指 導 教 授：|  嚴 家 銘 老 師
 []


Overfull \hbox (82.1062pt too wide) detected at line 79
\TU/標楷體(0)/m/n/17.28 班 級：|  四 設 三 甲
 []


Overfull \hbox (144.8137pt too wide) detected at line 81
\TU/標楷體(0)/m/n/17.28 學 生：|  李 正 揚 \TU/TimesNewRoman(0)/m/n/17.28 (40723110)
 []


Overfull \hbox (145.25627pt too wide) detected at line 84
 \TU/標楷體(0)/m/n/17.28 林 于 哲 \TU/TimesNewRoman(0)/m/n/17.28 (40723115)
 []


Overfull \hbox (145.89752pt too wide) detected at line 86
 \TU/標楷體(0)/m/n/17.28 黃 奕 慶 \TU/TimesNewRoman(0)/m/n/17.28 (40723138)
 []


Overfull \hbox (145.89752pt too wide) detected at line 88
 \TU/標楷體(0)/m/n/17.28 鄭 博 鴻 \TU/TimesNewRoman(0)/m/n/17.28 (40723148)
 []


Overfull \hbox (145.89752pt too wide) detected at line 90
 \TU/標楷體(0)/m/n/17.28 簡 國 龍 \TU/TimesNewRoman(0)/m/n/17.28 (40723150)
 []

(Y:\miktex-portable\texmfs\install\tex/generic/stringenc\se-ascii-print.def
File: se-ascii-print.def 2019/11/29 v1.12 stringenc: Printable ASCII characters

)
[1

]

Package hyperref Warning: Token not allowed in a PDF string (Unicode):
(hyperref)                \hskip 10.0pt
(hyperref)                replaced by space on input line 105.

[1

]

Package hyperref Warning: Token not allowed in a PDF string (Unicode):
(hyperref)                \hskip 17.28pt
(hyperref)                replaced by space on input line 117.

[2] (second.toc
Overfull \hbox (1.77997pt too wide) detected at line 12
 \TU/TimesNewRoman(0)/m/n/17.28 10
 []


<<<<<<< HEAD
<<<<<<< HEAD:LaTeX報告/tex/second.log
=======
[2] (4072pj1.toc
>>>>>>> 23e572edda033d5f5fbfb3748ca64039b6fb754c:40723150/latex/4072pj1.log
=======
>>>>>>> 23e572edda033d5f5fbfb3748ca64039b6fb754c
Overfull \hbox (1.13872pt too wide) detected at line 13
 \TU/TimesNewRoman(0)/m/n/17.28 11
 []


Overfull \hbox (1.77997pt too wide) detected at line 14
 \TU/TimesNewRoman(0)/m/n/17.28 14
 []


Overfull \hbox (1.77997pt too wide) detected at line 15
 \TU/TimesNewRoman(0)/m/n/17.28 18
 []


Overfull \hbox (1.77997pt too wide) detected at line 16
 \TU/TimesNewRoman(0)/m/n/17.28 19
 []


Overfull \hbox (1.77997pt too wide) detected at line 17
 \TU/TimesNewRoman(0)/m/n/17.28 19
 []


Overfull \hbox (1.77997pt too wide) detected at line 18
 \TU/TimesNewRoman(0)/m/n/17.28 20
 []


Overfull \hbox (1.77997pt too wide) detected at line 19
 \TU/TimesNewRoman(0)/m/n/17.28 20
 []


Overfull \hbox (1.77997pt too wide) detected at line 20
 \TU/TimesNewRoman(0)/m/n/17.28 22
 []

[3

]
Overfull \hbox (1.77997pt too wide) detected at line 21
 \TU/TimesNewRoman(0)/m/n/17.28 25
 []


Overfull \hbox (1.77997pt too wide) detected at line 22
 \TU/TimesNewRoman(0)/m/n/17.28 26
 []


Overfull \hbox (1.77997pt too wide) detected at line 23
 \TU/TimesNewRoman(0)/m/n/17.28 26
 []


Overfull \hbox (1.77997pt too wide) detected at line 24
 \TU/TimesNewRoman(0)/m/n/17.28 26
 []


Overfull \hbox (1.77997pt too wide) detected at line 25
 \TU/TimesNewRoman(0)/m/n/17.28 26
 []


Overfull \hbox (1.77997pt too wide) detected at line 26
 \TU/TimesNewRoman(0)/m/n/17.28 27
 []


Overfull \hbox (1.77997pt too wide) detected at line 27
 \TU/TimesNewRoman(0)/m/n/17.28 28
 []


Overfull \hbox (1.77997pt too wide) detected at line 28
 \TU/TimesNewRoman(0)/m/n/17.28 28
 []


Overfull \hbox (1.77997pt too wide) detected at line 29
 \TU/TimesNewRoman(0)/m/n/17.28 28
 []


Overfull \hbox (1.77997pt too wide) detected at line 30
 \TU/TimesNewRoman(0)/m/n/17.28 28
 []


Overfull \hbox (1.77997pt too wide) detected at line 31
 \TU/TimesNewRoman(0)/m/n/17.28 29
 []


Overfull \hbox (1.77997pt too wide) detected at line 32
 \TU/TimesNewRoman(0)/m/n/17.28 29
 []


Overfull \hbox (1.77997pt too wide) detected at line 33
 \TU/TimesNewRoman(0)/m/n/17.28 29
 []


Overfull \hbox (1.77997pt too wide) detected at line 34
 \TU/TimesNewRoman(0)/m/n/17.28 29
 []


Overfull \hbox (1.77997pt too wide) detected at line 35
 \TU/TimesNewRoman(0)/m/n/17.28 31
 []


Overfull \hbox (1.77997pt too wide) detected at line 36
 \TU/TimesNewRoman(0)/m/n/17.28 31
 []


Overfull \hbox (1.77997pt too wide) detected at line 37
 \TU/TimesNewRoman(0)/m/n/17.28 32
 []


Overfull \hbox (1.77997pt too wide) detected at line 38
 \TU/TimesNewRoman(0)/m/n/17.28 34
 []


Overfull \hbox (1.77997pt too wide) detected at line 39
 \TU/TimesNewRoman(0)/m/n/17.28 35
 []


Overfull \hbox (1.77997pt too wide) detected at line 40
 \TU/TimesNewRoman(0)/m/n/17.28 35
 []


Overfull \hbox (1.77997pt too wide) detected at line 41
 \TU/TimesNewRoman(0)/m/n/17.28 37
 []

[4]
Overfull \hbox (1.77997pt too wide) detected at line 42
 \TU/TimesNewRoman(0)/m/n/17.28 39
 []

<<<<<<< HEAD
<<<<<<< HEAD:LaTeX報告/tex/second.log

Overfull \hbox (1.77997pt too wide) detected at line 43
 \TU/TimesNewRoman(0)/m/n/17.28 41
=======
)
\tf@toc=\write4
\openout4 = `4072pj1.toc'.

 [5] (4072pj1.lof
Overfull \hbox (0.363pt too wide) detected at line 4
 []\TU/lmr/m/n/17.28 12
>>>>>>> 23e572edda033d5f5fbfb3748ca64039b6fb754c:40723150/latex/4072pj1.log
=======

Overfull \hbox (1.77997pt too wide) detected at line 43
 \TU/TimesNewRoman(0)/m/n/17.28 41
>>>>>>> 23e572edda033d5f5fbfb3748ca64039b6fb754c
 []

)
\tf@toc=\write4
\openout4 = `second.toc'.

 [5] (second.lof
Overfull \hbox (0.363pt too wide) detected at line 5
 []\TU/lmr/m/n/17.28 11
 []


Overfull \hbox (0.363pt too wide) detected at line 6
 []\TU/lmr/m/n/17.28 12
 []


Overfull \hbox (0.363pt too wide) detected at line 7
 []\TU/lmr/m/n/17.28 13
 []


Overfull \hbox (0.363pt too wide) detected at line 8
 []\TU/lmr/m/n/17.28 14
 []


Overfull \hbox (0.363pt too wide) detected at line 9
 []\TU/lmr/m/n/17.28 17
 []


Overfull \hbox (0.363pt too wide) detected at line 10
 []\TU/lmr/m/n/17.28 18
 []


Overfull \hbox (0.363pt too wide) detected at line 11
 []\TU/lmr/m/n/17.28 19
 []


Overfull \hbox (0.363pt too wide) detected at line 12
 []\TU/lmr/m/n/17.28 19
 []


Overfull \hbox (0.363pt too wide) detected at line 13
 []\TU/lmr/m/n/17.28 22
 []


Overfull \hbox (0.363pt too wide) detected at line 14
 []\TU/lmr/m/n/17.28 24
 []


Overfull \hbox (0.363pt too wide) detected at line 17
 []\TU/lmr/m/n/17.28 28
 []


Overfull \hbox (0.363pt too wide) detected at line 22
 []\TU/lmr/m/n/17.28 39
 []

)
\tf@lof=\write5
<<<<<<< HEAD
<<<<<<< HEAD:LaTeX報告/tex/second.log
\openout5 = `second.lof'.
=======
\openout5 = `4072pj1.lof'.
>>>>>>> 23e572edda033d5f5fbfb3748ca64039b6fb754c:40723150/latex/4072pj1.log
=======
\openout5 = `second.lof'.
>>>>>>> 23e572edda033d5f5fbfb3748ca64039b6fb754c

 [6

]
Chapter 1.

Underfull \hbox (badness 10000) in paragraph at lines 147--148

 []


Underfull \hbox (badness 10000) in paragraph at lines 149--151

 []


Underfull \hbox (badness 10000) in paragraph at lines 152--153

 []


Underfull \hbox (badness 10000) in paragraph at lines 157--158

 []

[1

] [2]
Chapter 2.

<<<<<<< HEAD
<<<<<<< HEAD:LaTeX報告/tex/second.log
Underfull \hbox (badness 10000) in paragraph at lines 176--183
=======
Underfull \hbox (badness 10000) in paragraph at lines 171--173

 []


Underfull \hbox (badness 10000) in paragraph at lines 177--179

 []

LaTeX Font Info:    Calculating math sizes for size <14> on input line 179.

Underfull \hbox (badness 10000) in paragraph at lines 179--191
>>>>>>> 23e572edda033d5f5fbfb3748ca64039b6fb754c:40723150/latex/4072pj1.log
=======
Underfull \hbox (badness 10000) in paragraph at lines 176--183
>>>>>>> 23e572edda033d5f5fbfb3748ca64039b6fb754c

 []

[3

]
Underfull \hbox (badness 10000) in paragraph at lines 188--190

 []

LaTeX Font Info:    Calculating math sizes for size <14> on input line 190.

Underfull \hbox (badness 10000) in paragraph at lines 190--202

 []


Underfull \hbox (badness 10000) in paragraph at lines 202--204

 []

[4]
Underfull \hbox (badness 10000) in paragraph at lines 204--206

 []


Underfull \hbox (badness 10000) in paragraph at lines 212--214

 []


Underfull \hbox (badness 10000) in paragraph at lines 214--216

 []


Underfull \hbox (badness 10000) in paragraph at lines 216--218

 []

[5]
Underfull \hbox (badness 10000) in paragraph at lines 218--219

 []


Underfull \hbox (badness 10000) in paragraph at lines 219--221

 []


Underfull \hbox (badness 10000) in paragraph at lines 221--222

 []


Underfull \hbox (badness 10000) in paragraph at lines 222--224

 []

File: ./../images/MSE.png Graphic file (type bmp)
<./../images/MSE.png>

Underfull \hbox (badness 10000) in paragraph at lines 235--240

 []


Underfull \hbox (badness 10000) in paragraph at lines 240--242

 []

[6]
Underfull \hbox (badness 10000) in paragraph at lines 280--281

 []


Underfull \hbox (badness 10000) in paragraph at lines 283--285

 []


Underfull \hbox (badness 10000) in paragraph at lines 285--287

 []

[7]
Underfull \hbox (badness 10000) in paragraph at lines 287--289

 []


Underfull \hbox (badness 10000) in paragraph at lines 289--291

 []


Underfull \hbox (badness 10000) in paragraph at lines 291--293

 []


Underfull \hbox (badness 10000) in paragraph at lines 293--295

 []


Underfull \hbox (badness 10000) in paragraph at lines 295--297

 []

<<<<<<< HEAD
[8]
=======

>>>>>>> 23e572edda033d5f5fbfb3748ca64039b6fb754c
Underfull \hbox (badness 10000) in paragraph at lines 297--299

 []

<<<<<<< HEAD

=======
[8]
>>>>>>> 23e572edda033d5f5fbfb3748ca64039b6fb754c
Underfull \hbox (badness 10000) in paragraph at lines 299--301

 []


Underfull \hbox (badness 10000) in paragraph at lines 301--303

 []


Underfull \hbox (badness 10000) in paragraph at lines 303--305

 []


Underfull \hbox (badness 10000) in paragraph at lines 305--307

 []


Underfull \hbox (badness 10000) in paragraph at lines 307--309

 []


Underfull \hbox (badness 10000) in paragraph at lines 309--311

 []


Underfull \hbox (badness 10000) in paragraph at lines 311--313

 []

[9] [10]
Underfull \hbox (badness 10000) in paragraph at lines 318--323

 []

File: ./../images/Faces_of_Reinforcement_Learning.png Graphic file (type bmp)
<./../images/Faces_of_Reinforcement_Learning.png>

Underfull \hbox (badness 10000) in paragraph at lines 333--335

 []

[11]
File: ./../images/The_Flow_of_Reinforcement_Learning.png Graphic file (type bmp
)
<./../images/The_Flow_of_Reinforcement_Learning.png>

Underfull \hbox (badness 10000) in paragraph at lines 344--346

 []

File: ./../images/The_entire_interaction_process.png Graphic file (type bmp)
<./../images/The_entire_interaction_process.png>

Underfull \hbox (badness 10000) in paragraph at lines 353--364

 []

File: ./../images/agent.png Graphic file (type bmp)
<./../images/agent.png>

Underfull \hbox (badness 10000) in paragraph at lines 365--392

 []

[12] [13] [14]
Underfull \hbox (badness 10000) in paragraph at lines 401--403

 []


Underfull \hbox (badness 10000) in paragraph at lines 403--405

 []


Underfull \hbox (badness 10000) in paragraph at lines 406--407

 []


Underfull \hbox (badness 10000) in paragraph at lines 410--413

 []

Missing character: There is no 立 in font [lmroman12-regular]:mapping=tex-text;!
Missing character: There is no 即 in font [lmroman12-regular]:mapping=tex-text;!
Missing character: There is no 獎 in font [lmroman12-regular]:mapping=tex-text;!
Missing character: There is no 勵 in font [lmroman12-regular]:mapping=tex-text;!
Missing character: There is no ： in font [lmroman12-regular]:mapping=tex-text;!
Missing character: There is no 未 in font [lmroman12-regular]:mapping=tex-text;!
Missing character: There is no 來 in font [lmroman12-regular]:mapping=tex-text;!
Missing character: There is no 獎 in font [lmroman12-regular]:mapping=tex-text;!
Missing character: There is no 勵 in font [lmroman12-regular]:mapping=tex-text;!
Missing character: There is no 衰 in font [lmroman12-regular]:mapping=tex-text;!
Missing character: There is no 減 in font [lmroman12-regular]:mapping=tex-text;!
Missing character: There is no 總 in font [lmroman12-regular]:mapping=tex-text;!
Missing character: There is no 和 in font [lmroman12-regular]:mapping=tex-text;!

Underfull \hbox (badness 10000) in paragraph at lines 415--417

 []

[15] [16]
Underfull \hbox (badness 10000) in paragraph at lines 443--445

 []

File: ./../images/MRP.jpg Graphic file (type bmp)
<./../images/MRP.jpg>
File: ./../images/MDP.jpg Graphic file (type bmp)
<./../images/MDP.jpg>

Underfull \hbox (badness 10000) in paragraph at lines 457--458

 []

File: ./../images/s_to _s.jpg Graphic file (type bmp)
<./../images/s_to _s.jpg>
[17]
File: ./../images/Q_pi function.jpg Graphic file (type bmp)
<./../images/Q_pi function.jpg>
 [18]
File: ./../images/network.png Graphic file (type bmp)
<./../images/network.png>

Underfull \hbox (badness 10000) in paragraph at lines 492--494

 []

File: ./../images/supervising_learning.png Graphic file (type bmp)
<./../images/supervising_learning.png>

Overfull \hbox (17.78455pt too wide) in paragraph at lines 499--500
 [] 
 []


Underfull \hbox (badness 10000) in paragraph at lines 504--505

 []

[19]
Underfull \hbox (badness 10000) in paragraph at lines 506--507

 []


Overfull \hbox (11.89764pt too wide) in paragraph at lines 509--510
[] \TU/標楷體(0)/m/n/14 機 器 學 習 涉 及 操 縱 機 率。|  這 個 機 率 通 常 包 含 \TU/TimesNewRoman(0
)/m/n/14 normalised-probabilities
 []


Underfull \hbox (badness 10000) in paragraph at lines 509--510

 []


Underfull \hbox (badness 10000) in paragraph at lines 511--512

 []


Underfull \hbox (badness 10000) in paragraph at lines 512--514

 []

[20]
Underfull \hbox (badness 10000) in paragraph at lines 516--517

 []


Underfull \hbox (badness 10000) in paragraph at lines 522--523

 []


Underfull \hbox (badness 10000) in paragraph at lines 528--529

 []


Underfull \hbox (badness 10000) in paragraph at lines 533--534

 []

[21]
Underfull \hbox (badness 10000) in paragraph at lines 534--536

 []

File: ./../images/gradient_change.png Graphic file (type bmp)
<./../images/gradient_change.png>

Underfull \hbox (badness 10000) in paragraph at lines 536--545

 []

[22]
Underfull \hbox (badness 10000) in paragraph at lines 549--551

 []

Missing character: There is no （ in font [lmroman12-regular]:mapping=tex-text;!
Missing character: There is no ） in font [lmroman12-regular]:mapping=tex-text;!
Missing character: There is no θ in font cmmi12!
Missing character: There is no θ in font cmmi12!
File: ./../images/figure.png Graphic file (type bmp)
<./../images/figure.png>
[23]
Underfull \hbox (badness 10000) in paragraph at lines 560--561

 []

[24] [25]
Chapter 3.

Underfull \hbox (badness 10000) in paragraph at lines 565--566

 []


Underfull \hbox (badness 10000) in paragraph at lines 568--569

 []


Underfull \hbox (badness 10000) in paragraph at lines 570--571

 []


Underfull \hbox (badness 10000) in paragraph at lines 573--575

 []

[26

] [27]
Chapter 4.
File: ./../images/model.png Graphic file (type bmp)
<./../images/model.png>

Underfull \hbox (badness 10000) in paragraph at lines 588--589

 []


Underfull \hbox (badness 10000) in paragraph at lines 590--591

 []

[28

]
Underfull \hbox (badness 10000) in paragraph at lines 596--597

 []


Underfull \hbox (badness 10000) in paragraph at lines 602--603

 []


Underfull \hbox (badness 10000) in paragraph at lines 604--605

 []


Underfull \hbox (badness 10000) in paragraph at lines 606--608

 []


Underfull \hbox (badness 10000) in paragraph at lines 608--610

 []

[29] [30]
Chapter 5.

Underfull \hbox (badness 10000) in paragraph at lines 615--616

 []


Underfull \hbox (badness 10000) in paragraph at lines 617--618

 []


Underfull \hbox (badness 10000) in paragraph at lines 619--620

 []


Underfull \hbox (badness 10000) in paragraph at lines 621--623

 []

[31

]
Underfull \hbox (badness 10000) in paragraph at lines 624--625

 []


Underfull \hbox (badness 10000) in paragraph at lines 626--627

 []


Underfull \hbox (badness 10000) in paragraph at lines 628--630

 []


Underfull \hbox (badness 10000) in paragraph at lines 631--632

 []


Underfull \hbox (badness 10000) in paragraph at lines 635--636

 []

[32]
Underfull \hbox (badness 10000) in paragraph at lines 636--637

 []


Underfull \hbox (badness 10000) in paragraph at lines 637--638

 []

[33] [34]
Chapter 6.

Underfull \hbox (badness 10000) in paragraph at lines 660--662

 []


Underfull \hbox (badness 10000) in paragraph at lines 663--666

 []

[35

] [36]
Chapter 7.

Underfull \hbox (badness 10000) in paragraph at lines 668--669

 []


Underfull \hbox (badness 10000) in paragraph at lines 670--672

 []

[37

]
Underfull \hbox (badness 10000) in paragraph at lines 673--674

 []

[38]
Chapter 8.
File: ./../images/Q_dll.png Graphic file (type bmp)
<./../images/Q_dll.png>

Underfull \hbox (badness 10000) in paragraph at lines 686--688

 []

[39

]
Underfull \hbox (badness 10000) in paragraph at lines 689--690

 []

<<<<<<< HEAD
<<<<<<< HEAD:LaTeX報告/tex/second.log
=======
>>>>>>> 23e572edda033d5f5fbfb3748ca64039b6fb754c
[40] [41]
Package atveryend Info: Empty hook `BeforeClearDocument' on input line 723.
 [42]
Package atveryend Info: Empty hook `AfterLastShipout' on input line 723.
 (second.aux)
Package atveryend Info: Empty hook `AtVeryEndDocument' on input line 723.
Package atveryend Info: Executing hook `AtEndAfterFileList' on input line 723.
Package rerunfilecheck Info: File `second.out' has not changed.
(rerunfilecheck)             Checksum: 5C274D7AA622575C6757C68B4FB66783;2716.
<<<<<<< HEAD
=======
[34

] [35]
Package atveryend Info: Empty hook `BeforeClearDocument' on input line 668.
 [36]
Package atveryend Info: Empty hook `AfterLastShipout' on input line 668.
 (4072pj1.aux)
Package atveryend Info: Empty hook `AtVeryEndDocument' on input line 668.
Package atveryend Info: Executing hook `AtEndAfterFileList' on input line 668.
Package rerunfilecheck Info: File `4072pj1.out' has not changed.
(rerunfilecheck)             Checksum: 57B208760487FED6767F69416E25F53D;2637.
>>>>>>> 23e572edda033d5f5fbfb3748ca64039b6fb754c:40723150/latex/4072pj1.log
=======
>>>>>>> 23e572edda033d5f5fbfb3748ca64039b6fb754c


LaTeX Font Warning: Some font shapes were not available, defaults substituted.


LaTeX Warning: There were multiply-defined labels.

Package atveryend Info: Empty hook `AtVeryVeryEnd' on input line 723.
 ) 
Here is how much of TeX's memory you used:
<<<<<<< HEAD
<<<<<<< HEAD:LaTeX報告/tex/second.log
=======
>>>>>>> 23e572edda033d5f5fbfb3748ca64039b6fb754c
 20017 strings out of 414221
 369499 string characters out of 2901377
 893942 words of memory out of 3000000
 37232 multiletter control sequences out of 15000+200000
 545667 words of font info for 129 fonts, out of 3000000 for 9000
 1348 hyphenation exceptions out of 8191
 48i,8n,81p,736b,1081s stack positions out of 5000i,500n,10000p,200000b,50000s

Output written on second.pdf (49 pages).
<<<<<<< HEAD
=======
 19757 strings out of 414221
 365929 string characters out of 2901377
 755897 words of memory out of 3000000
 36983 multiletter control sequences out of 15000+200000
 545667 words of font info for 129 fonts, out of 3000000 for 9000
 1348 hyphenation exceptions out of 8191
 48i,7n,81p,749b,1174s stack positions out of 5000i,500n,10000p,200000b,50000s

Output written on 4072pj1.pdf (43 pages).
>>>>>>> 23e572edda033d5f5fbfb3748ca64039b6fb754c:40723150/latex/4072pj1.log
=======
>>>>>>> 23e572edda033d5f5fbfb3748ca64039b6fb754c
