This is XeTeX, Version 3.14159265-2.6-0.999992 (MiKTeX 2.9.7350 64-bit) (preloaded format=xelatex 2021.4.30)  26 OCT 2021 09:14
entering extended mode
**./4072pj1.tex
(4072pj1.tex
LaTeX2e <2020-02-02> patch level 5
L3 programming layer <2020-03-06>
(Y:\miktex-portable\texmfs\install\tex/latex/base\report.cls
Document Class: report 2019/12/20 v1.4l Standard LaTeX document class
(Y:\miktex-portable\texmfs\install\tex/latex/base\size10.clo
File: size10.clo 2019/12/20 v1.4l Standard LaTeX file (size option)
)
\c@part=\count163
\c@chapter=\count164
\c@section=\count165
\c@subsection=\count166
\c@subsubsection=\count167
\c@paragraph=\count168
\c@subparagraph=\count169
\c@figure=\count170
\c@table=\count171
\abovecaptionskip=\skip47
\belowcaptionskip=\skip48
\bibindent=\dimen134
)
(Y:\miktex-portable\texmfs\install\tex/xelatex/xecjk\xeCJK.sty
(Y:\miktex-portable\texmfs\install\tex/latex/l3kernel\expl3.sty
Package: expl3 2020-03-06 L3 programming layer (loader) 

(Y:\miktex-portable\texmfs\install\tex/latex/l3backend\l3backend-xdvipdfmx.def
File: l3backend-xdvipdfmx.def 2020-03-12 L3 backend support: xdvipdfmx
\g__graphics_track_int=\count172
\l__pdf_internal_box=\box45
\g__pdf_backend_object_int=\count173
\g__pdf_backend_annotation_int=\count174
))
Package: xeCJK 2020/02/18 v3.8.2 Typesetting CJK scripts with XeLaTeX
 (Y:\miktex-portable\texmfs\install\tex/latex/l3packages/l3keys2e\l3keys2e.sty
Package: l3keys2e 2020-03-06 LaTeX2e option processing using LaTeX3 keys
)
(Y:\miktex-portable\texmfs\install\tex/latex/l3packages/xtemplate\xtemplate.sty
Package: xtemplate 2020-03-06 L3 Experimental prototype document functions
\l__xtemplate_tmp_dim=\dimen135
\l__xtemplate_tmp_int=\count175
\l__xtemplate_tmp_muskip=\muskip16
\l__xtemplate_tmp_skip=\skip49
) (Y:\miktex-portable\texmfs\install\tex/latex/l3packages/xparse\xparse.sty
Package: xparse 2020-03-06 L3 Experimental document command parser
\l__xparse_current_arg_int=\count176
\g__xparse_grabber_int=\count177
\l__xparse_m_args_int=\count178
\l__xparse_v_nesting_int=\count179
)
\l__xeCJK_tmp_int=\count180
\l__xeCJK_tmp_box=\box46
\l__xeCJK_tmp_dim=\dimen136
\l__xeCJK_tmp_skip=\skip50
\g__xeCJK_space_factor_int=\count181
\l__xeCJK_begin_int=\count182
\l__xeCJK_end_int=\count183
\c__xeCJK_CJK_class_int=\XeTeXcharclass1
\c__xeCJK_FullLeft_class_int=\XeTeXcharclass2
\c__xeCJK_FullRight_class_int=\XeTeXcharclass3
\c__xeCJK_HalfLeft_class_int=\XeTeXcharclass4
\c__xeCJK_HalfRight_class_int=\XeTeXcharclass5
\c__xeCJK_NormalSpace_class_int=\XeTeXcharclass6
\c__xeCJK_CM_class_int=\XeTeXcharclass7
\c__xeCJK_HangulJamo_class_int=\XeTeXcharclass8
\l__xeCJK_last_skip=\skip51
\g__xeCJK_node_int=\count184
\c__xeCJK_CJK_node_dim=\dimen137
\c__xeCJK_CJK-space_node_dim=\dimen138
\c__xeCJK_default_node_dim=\dimen139
\c__xeCJK_default-space_node_dim=\dimen140
\c__xeCJK_CJK-widow_node_dim=\dimen141
\c__xeCJK_normalspace_node_dim=\dimen142
\l__xeCJK_ccglue_skip=\skip52
\l__xeCJK_ecglue_skip=\skip53
\l__xeCJK_punct_kern_skip=\skip54
\l__xeCJK_last_penalty_int=\count185
\l__xeCJK_last_bound_dim=\dimen143
\l__xeCJK_last_kern_dim=\dimen144
\l__xeCJK_widow_penalty_int=\count186

Package xtemplate Info: Declaring object type 'xeCJK/punctuation' taking 0
(xtemplate)             argument(s) on line 2302.

\l__xeCJK_fixed_punct_width_dim=\dimen145
\l__xeCJK_mixed_punct_width_dim=\dimen146
\l__xeCJK_middle_punct_width_dim=\dimen147
\l__xeCJK_fixed_margin_width_dim=\dimen148
\l__xeCJK_mixed_margin_width_dim=\dimen149
\l__xeCJK_middle_margin_width_dim=\dimen150
\l__xeCJK_bound_punct_width_dim=\dimen151
\l__xeCJK_bound_margin_width_dim=\dimen152
\l__xeCJK_margin_minimum_dim=\dimen153
\l__xeCJK_kerning_total_width_dim=\dimen154
\l__xeCJK_same_align_margin_dim=\dimen155
\l__xeCJK_different_align_margin_dim=\dimen156
\l__xeCJK_kerning_margin_width_dim=\dimen157
\l__xeCJK_kerning_margin_minimum_dim=\dimen158
\l__xeCJK_bound_dim=\dimen159
\l__xeCJK_reverse_bound_dim=\dimen160
\l__xeCJK_margin_dim=\dimen161
\l__xeCJK_minimum_bound_dim=\dimen162
\l__xeCJK_kerning_margin_dim=\dimen163
\g__xeCJK_family_int=\count187
\l__xeCJK_fam_int=\count188
\g__xeCJK_fam_allocation_int=\count189
\l__xeCJK_verb_case_int=\count190
\l__xeCJK_verb_exspace_skip=\skip55

(Y:\miktex-portable\texmfs\install\tex/latex/fontspec\fontspec.sty
Package: fontspec 2020/02/21 v2.7i Font selection for XeLaTeX and LuaLaTeX

(Y:\miktex-portable\texmfs\install\tex/latex/fontspec\fontspec-xetex.sty
Package: fontspec-xetex 2020/02/21 v2.7i Font selection for XeLaTeX and LuaLaTe
X
\l__fontspec_script_int=\count191
\l__fontspec_language_int=\count192
\l__fontspec_strnum_int=\count193
\l__fontspec_tmp_int=\count194
\l__fontspec_tmpa_int=\count195
\l__fontspec_tmpb_int=\count196
\l__fontspec_tmpc_int=\count197
\l__fontspec_em_int=\count198
\l__fontspec_emdef_int=\count199
\l__fontspec_strong_int=\count266
\l__fontspec_strongdef_int=\count267
\l__fontspec_tmpa_dim=\dimen164
\l__fontspec_tmpb_dim=\dimen165
\l__fontspec_tmpc_dim=\dimen166

(Y:\miktex-portable\texmfs\install\tex/latex/base\fontenc.sty
Package: fontenc 2020/02/11 v2.0o Standard LaTeX package
)
(Y:\miktex-portable\texmfs\install\tex/latex/fontspec\fontspec.cfg)))
(Y:\miktex-portable\texmfs\install\tex/xelatex/xecjk\xeCJK.cfg
File: xeCJK.cfg 2020/02/18 v3.8.2 Configuration file for xeCJK package
))

Package fontspec Info: Could not resolve font "標楷體/BI" (it probably doesn't
(fontspec)             exist).


Package fontspec Info: Could not resolve font "標楷體/B" (it probably doesn't
(fontspec)             exist).


Package fontspec Info: Could not resolve font "標楷體/I" (it probably doesn't
(fontspec)             exist).


Package fontspec Info: Font family '標楷體(0)' created for font '標楷體' with
(fontspec)             options [Script={CJK}].
(fontspec)              
(fontspec)              This font family consists of the following NFSS
(fontspec)             series/shapes:
(fontspec)              
(fontspec)             - 'normal' (m/n) with NFSS spec.:
(fontspec)             <->"標楷體/OT:script=hani;language=dflt;"
(fontspec)             - 'small caps'  (m/sc) with NFSS spec.: 


Package fontspec Info: Font family 'TimesNewRoman(0)' created for font 'Times
(fontspec)             New Roman' with options [].
(fontspec)              
(fontspec)              This font family consists of the following NFSS
(fontspec)             series/shapes:
(fontspec)              
(fontspec)             - 'normal' (m/n) with NFSS spec.: <->"Times New
(fontspec)             Roman/OT:script=latn;language=dflt;"
(fontspec)             - 'small caps'  (m/sc) with NFSS spec.: <->"Times New
(fontspec)             Roman/OT:script=latn;language=dflt;+smcp;"
(fontspec)             - 'bold' (b/n) with NFSS spec.: <->"Times New
(fontspec)             Roman/B/OT:script=latn;language=dflt;"
(fontspec)             - 'bold small caps'  (b/sc) with NFSS spec.: <->"Times
(fontspec)             New Roman/B/OT:script=latn;language=dflt;+smcp;"
(fontspec)             - 'italic' (m/it) with NFSS spec.: <->"Times New
(fontspec)             Roman/I/OT:script=latn;language=dflt;"
(fontspec)             - 'italic small caps'  (m/scit) with NFSS spec.:
(fontspec)             <->"Times New
(fontspec)             Roman/I/OT:script=latn;language=dflt;+smcp;"
(fontspec)             - 'bold italic' (b/it) with NFSS spec.: <->"Times New
(fontspec)             Roman/BI/OT:script=latn;language=dflt;"
(fontspec)             - 'bold italic small caps'  (b/scit) with NFSS spec.:
(fontspec)             <->"Times New
(fontspec)             Roman/BI/OT:script=latn;language=dflt;+smcp;"


(Y:\miktex-portable\texmfs\install\tex/latex/tools\enumerate.sty
Package: enumerate 2015/07/23 v3.00 enumerate extensions (DPC)
\@enLab=\toks15
)
(Y:\miktex-portable\texmfs\install\tex/latex/amsmath\amsmath.sty
Package: amsmath 2020/01/20 v2.17e AMS math features
\@mathmargin=\skip56

For additional information on amsmath, use the `?' option.
(Y:\miktex-portable\texmfs\install\tex/latex/amsmath\amstext.sty
Package: amstext 2000/06/29 v2.01 AMS text

(Y:\miktex-portable\texmfs\install\tex/latex/amsmath\amsgen.sty
File: amsgen.sty 1999/11/30 v2.0 generic functions
\@emptytoks=\toks16
\ex@=\dimen167
))
(Y:\miktex-portable\texmfs\install\tex/latex/amsmath\amsbsy.sty
Package: amsbsy 1999/11/29 v1.2d Bold Symbols
\pmbraise@=\dimen168
)
(Y:\miktex-portable\texmfs\install\tex/latex/amsmath\amsopn.sty
Package: amsopn 2016/03/08 v2.02 operator names
)
\inf@bad=\count268
LaTeX Info: Redefining \frac on input line 227.
\uproot@=\count269
\leftroot@=\count270
LaTeX Info: Redefining \overline on input line 389.
\classnum@=\count271
\DOTSCASE@=\count272
LaTeX Info: Redefining \ldots on input line 486.
LaTeX Info: Redefining \dots on input line 489.
LaTeX Info: Redefining \cdots on input line 610.
\Mathstrutbox@=\box47
\strutbox@=\box48
\big@size=\dimen169
LaTeX Font Info:    Redeclaring font encoding OML on input line 733.
LaTeX Font Info:    Redeclaring font encoding OMS on input line 734.
\macc@depth=\count273
\c@MaxMatrixCols=\count274
\dotsspace@=\muskip17
\c@parentequation=\count275
\dspbrk@lvl=\count276
\tag@help=\toks17
\row@=\count277
\column@=\count278
\maxfields@=\count279
\andhelp@=\toks18
\eqnshift@=\dimen170
\alignsep@=\dimen171
\tagshift@=\dimen172
\tagwidth@=\dimen173
\totwidth@=\dimen174
\lineht@=\dimen175
\@envbody=\toks19
\multlinegap=\skip57
\multlinetaggap=\skip58
\mathdisplay@stack=\toks20
LaTeX Info: Redefining \[ on input line 2859.
LaTeX Info: Redefining \] on input line 2860.
)
(Y:\miktex-portable\texmfs\install\tex/latex/amsfonts\amssymb.sty
Package: amssymb 2013/01/14 v3.01 AMS font symbols

(Y:\miktex-portable\texmfs\install\tex/latex/amsfonts\amsfonts.sty
Package: amsfonts 2013/01/14 v3.01 Basic AMSFonts support
\symAMSa=\mathgroup4
\symAMSb=\mathgroup5
LaTeX Font Info:    Redeclaring math symbol \hbar on input line 98.
LaTeX Font Info:    Overwriting math alphabet `\mathfrak' in version `bold'
(Font)                  U/euf/m/n --> U/euf/b/n on input line 106.
))
(Y:\miktex-portable\texmfs\install\tex/latex/graphics\graphicx.sty
Package: graphicx 2019/11/30 v1.2a Enhanced LaTeX Graphics (DPC,SPQR)

(Y:\miktex-portable\texmfs\install\tex/latex/graphics\keyval.sty
Package: keyval 2014/10/28 v1.15 key=value parser (DPC)
\KV@toks@=\toks21
)
(Y:\miktex-portable\texmfs\install\tex/latex/graphics\graphics.sty
Package: graphics 2019/11/30 v1.4a Standard LaTeX Graphics (DPC,SPQR)

(Y:\miktex-portable\texmfs\install\tex/latex/graphics\trig.sty
Package: trig 2016/01/03 v1.10 sin cos tan (DPC)
)
(Y:\miktex-portable\texmfs\install\tex/latex/graphics-cfg\graphics.cfg
File: graphics.cfg 2016/06/04 v1.11 sample graphics configuration
)
Package graphics Info: Driver file: xetex.def on input line 105.

(Y:\miktex-portable\texmfs\install\tex/latex/graphics-def\xetex.def
File: xetex.def 2017/06/24 v5.0h Graphics/color driver for xetex
))
\Gin@req@height=\dimen176
\Gin@req@width=\dimen177
)
(Y:\miktex-portable\texmfs\install\tex/latex/subfigure\subfigure.sty
Package: subfigure 2002/07/30 v2.1.4 subfigure package
\subfigtopskip=\skip59
\subfigcapskip=\skip60
\subfigcaptopadj=\dimen178
\subfigbottomskip=\skip61
\subfigcapmargin=\dimen179
\subfiglabelskip=\skip62
\c@subfigure=\count280
\c@lofdepth=\count281
\c@subtable=\count282
\c@lotdepth=\count283

****************************************
* Local config file subfigure.cfg used *
****************************************
(Y:\miktex-portable\texmfs\install\tex/latex/subfigure\subfigure.cfg)
\subfig@top=\skip63
\subfig@bottom=\skip64
)
(Y:\miktex-portable\texmfs\install\tex/latex/fontawesome5\fontawesome5.sty
Package: fontawesome5 2020/03/24 v5.13.0 Font Awesome 5

(Y:\miktex-portable\texmfs\install\tex/latex/fontawesome5\fontawesome5-utex-hel
per.sty
Package: fontawesome5-utex-helper 2020/03/24 v5.13.0 uTeX helper for fontawesom
e5
LaTeX Font Info:    Trying to load font information for TU+fontawesomefree on i
nput line 69.

(Y:\miktex-portable\texmfs\install\tex/latex/fontawesome5\tufontawesomefree.fd)
LaTeX Font Info:    Trying to load font information for TU+fontawesomebrands on
 input line 70.

(Y:\miktex-portable\texmfs\install\tex/latex/fontawesome5\tufontawesomebrands.f
d))) (Y:\miktex-portable\texmfs\install\tex/latex/type1cm\type1cm.sty
Package: type1cm 2002/09/05 v0.04 BlueSky/Y&Y Type1 CM font definitions (DPC, p
atched RF)
)
(Y:\miktex-portable\texmfs\install\tex/latex/textpos\textpos.sty
Package: textpos 2020/09/26 v1.10

Package: textpos 2020/09/26 1.10, absolute positioning of text on the page
Package textpos Info: choosing support for LaTeX2e on input line 61.
\TP@textbox=\box49
\TPHorizModule=\dimen180
\TPVertModule=\dimen181
\TP@margin=\dimen182
\TP@absmargin=\dimen183
Grid set 16 x 16 = 37.34424pt x 52.81541pt
\TPboxrulesize=\dimen184
\TP@tbargs=\toks22
) (Y:\miktex-portable\texmfs\install\tex/latex/geometry\geometry.sty
Package: geometry 2020/01/02 v5.9 Page Geometry

(Y:\miktex-portable\texmfs\install\tex/generic/iftex\ifvtex.sty
Package: ifvtex 2019/10/25 v1.7 ifvtex legacy package. Use iftex instead.

(Y:\miktex-portable\texmfs\install\tex/generic/iftex\iftex.sty
Package: iftex 2020/03/06 v1.0d TeX engine tests
))
\Gm@cnth=\count284
\Gm@cntv=\count285
\c@Gm@tempcnt=\count286
\Gm@bindingoffset=\dimen185
\Gm@wd@mp=\dimen186
\Gm@odd@mp=\dimen187
\Gm@even@mp=\dimen188
\Gm@layoutwidth=\dimen189
\Gm@layoutheight=\dimen190
\Gm@layouthoffset=\dimen191
\Gm@layoutvoffset=\dimen192
\Gm@dimlist=\toks23

(Y:\miktex-portable\texmfs\install\tex/xelatex/xetexconfig\geometry.cfg))
(Y:\miktex-portable\texmfs\install\tex/latex/titlesec\titlesec.sty
Package: titlesec 2019/10/16 v2.13 Sectioning titles
\ttl@box=\box50
\beforetitleunit=\skip65
\aftertitleunit=\skip66
\ttl@plus=\dimen193
\ttl@minus=\dimen194
\ttl@toksa=\toks24
\titlewidth=\dimen195
\titlewidthlast=\dimen196
\titlewidthfirst=\dimen197
)
(Y:\miktex-portable\texmfs\install\tex/latex/titlesec\titletoc.sty
Package: titletoc 2019/10/16 v2.13 TOC entries
\ttl@leftsep=\dimen198
)
(Y:\miktex-portable\texmfs\install\tex/latex/base\textcomp.sty
Package: textcomp 2020/02/02 v2.0n Standard LaTeX package
)
(Y:\miktex-portable\texmfs\install\tex/latex/multirow\multirow.sty
Package: multirow 2021/03/15 v2.8 Span multiple rows of a table
\multirow@colwidth=\skip67
\multirow@cntb=\count287
\multirow@dima=\skip68
\bigstrutjot=\dimen199
)
(Y:\miktex-portable\texmfs\install\tex/latex/cjk\CJKnumb.sty
Package: CJKnumb 2015/04/18 4.8.4
\CJK@q=\count288
\CJK@r=\count289
)
(Y:\miktex-portable\texmfs\install\tex/latex/wallpaper\wallpaper.sty
Package: wallpaper 2005/01/18, v1.01 easy wallpaper formatting (MHFW)

(Y:\miktex-portable\texmfs\install\tex/latex/base\ifthen.sty
Package: ifthen 2014/09/29 v1.1c Standard LaTeX ifthen package (DPC)
)
(Y:\miktex-portable\texmfs\install\tex/latex/tools\calc.sty
Package: calc 2017/05/25 v4.3 Infix arithmetic (KKT,FJ)
\calc@Acount=\count290
\calc@Bcount=\count291
\calc@Adimen=\dimen256
\calc@Bdimen=\dimen257
\calc@Askip=\skip69
\calc@Bskip=\skip70
LaTeX Info: Redefining \setlength on input line 80.
LaTeX Info: Redefining \addtolength on input line 81.
\calc@Ccount=\count292
\calc@Cskip=\skip71
)
(Y:\miktex-portable\texmfs\install\tex/latex/eso-pic\eso-pic.sty
Package: eso-pic 2018/04/12 v2.0h eso-pic (RN)

(Y:\miktex-portable\texmfs\install\tex/generic/atbegshi\atbegshi.sty
Package: atbegshi 2019/12/05 v1.19 At begin shipout hook (HO)

(Y:\miktex-portable\texmfs\install\tex/generic/infwarerr\infwarerr.sty
Package: infwarerr 2019/12/03 v1.5 Providing info/warning/error messages (HO)
)
(Y:\miktex-portable\texmfs\install\tex/generic/ltxcmds\ltxcmds.sty
Package: ltxcmds 2020-05-10 v1.25 LaTeX kernel commands for general use (HO)
))
(Y:\miktex-portable\texmfs\install\tex/latex/xcolor\xcolor.sty
Package: xcolor 2016/05/11 v2.12 LaTeX color extensions (UK)

(Y:\miktex-portable\texmfs\install\tex/latex/graphics-cfg\color.cfg
File: color.cfg 2016/01/02 v1.6 sample color configuration
)
Package xcolor Info: Driver file: xetex.def on input line 225.
Package xcolor Info: Model `cmy' substituted by `cmy0' on input line 1348.
Package xcolor Info: Model `RGB' extended on input line 1364.
Package xcolor Info: Model `HTML' substituted by `rgb' on input line 1366.
Package xcolor Info: Model `Hsb' substituted by `hsb' on input line 1367.
Package xcolor Info: Model `tHsb' substituted by `hsb' on input line 1368.
Package xcolor Info: Model `HSB' substituted by `hsb' on input line 1369.
Package xcolor Info: Model `Gray' substituted by `gray' on input line 1370.
Package xcolor Info: Model `wave' substituted by `hsb' on input line 1371.
))
\wpXoffset=\skip72
\wpYoffset=\skip73
\tileXoffset=\skip74
\tileYoffset=\skip75
\tilewidth=\skip76
\tileheight=\skip77
\tileX=\skip78
\tileY=\skip79
)
(Y:\miktex-portable\texmfs\install\tex/latex/listings\listings.sty
\lst@mode=\count293
\lst@gtempboxa=\box51
\lst@token=\toks25
\lst@length=\count294
\lst@currlwidth=\dimen258
\lst@column=\count295
\lst@pos=\count296
\lst@lostspace=\dimen259
\lst@width=\dimen260
\lst@newlines=\count297
\lst@lineno=\count298
\lst@maxwidth=\dimen261

(Y:\miktex-portable\texmfs\install\tex/latex/listings\lstmisc.sty
File: lstmisc.sty 2019/09/10 1.8c (Carsten Heinz)
\c@lstnumber=\count299
\lst@skipnumbers=\count300
\lst@framebox=\box52
)
(Y:\miktex-portable\texmfs\install\tex/latex/listings\listings.cfg
File: listings.cfg 2019/09/10 1.8c listings configuration
))
Package: listings 2019/09/10 1.8c (Carsten Heinz)

(Y:\miktex-portable\texmfs\install\tex/latex/hyperref\hyperref.sty
Package: hyperref 2020/01/14 v7.00d Hypertext links for LaTeX

(Y:\miktex-portable\texmfs\install\tex/latex/pdftexcmds\pdftexcmds.sty
Package: pdftexcmds 2019/11/24 v0.31 Utility functions of pdfTeX for LuaTeX (HO
)
Package pdftexcmds Info: \pdf@primitive is available.
Package pdftexcmds Info: \pdf@ifprimitive is available.
Package pdftexcmds Info: \pdfdraftmode not found.
)
(Y:\miktex-portable\texmfs\install\tex/generic/kvsetkeys\kvsetkeys.sty
Package: kvsetkeys 2019/12/15 v1.18 Key value parser (HO)
)
(Y:\miktex-portable\texmfs\install\tex/generic/kvdefinekeys\kvdefinekeys.sty
Package: kvdefinekeys 2019-12-19 v1.6 Define keys (HO)
)
(Y:\miktex-portable\texmfs\install\tex/generic/pdfescape\pdfescape.sty
Package: pdfescape 2019/12/09 v1.15 Implements pdfTeX's escape features (HO)
)
(Y:\miktex-portable\texmfs\install\tex/latex/hycolor\hycolor.sty
Package: hycolor 2020-01-27 v1.10 Color options for hyperref/bookmark (HO)
)
(Y:\miktex-portable\texmfs\install\tex/latex/letltxmacro\letltxmacro.sty
Package: letltxmacro 2019/12/03 v1.6 Let assignment for LaTeX macros (HO)
)
(Y:\miktex-portable\texmfs\install\tex/latex/auxhook\auxhook.sty
Package: auxhook 2019-12-17 v1.6 Hooks for auxiliary files (HO)
)
(Y:\miktex-portable\texmfs\install\tex/latex/kvoptions\kvoptions.sty
Package: kvoptions 2020-10-07 v3.14 Key value format for package options (HO)
)
\@linkdim=\dimen262
\Hy@linkcounter=\count301
\Hy@pagecounter=\count302

(Y:\miktex-portable\texmfs\install\tex/latex/hyperref\pd1enc.def
File: pd1enc.def 2020/01/14 v7.00d Hyperref: PDFDocEncoding definition (HO)
)
(Y:\miktex-portable\texmfs\install\tex/generic/intcalc\intcalc.sty
Package: intcalc 2019/12/15 v1.3 Expandable calculations with integers (HO)
)
(Y:\miktex-portable\texmfs\install\tex/generic/etexcmds\etexcmds.sty
Package: etexcmds 2019/12/15 v1.7 Avoid name clashes with e-TeX commands (HO)
)
\Hy@SavedSpaceFactor=\count303
Package hyperref Info: Hyper figures OFF on input line 4547.
Package hyperref Info: Link nesting OFF on input line 4552.
Package hyperref Info: Hyper index ON on input line 4555.
Package hyperref Info: Plain pages OFF on input line 4562.
Package hyperref Info: Backreferencing OFF on input line 4567.
Package hyperref Info: Implicit mode ON; LaTeX internals redefined.
Package hyperref Info: Bookmarks ON on input line 4800.
\c@Hy@tempcnt=\count304

(Y:\miktex-portable\texmfs\install\tex/latex/url\url.sty
\Urlmuskip=\muskip18
Package: url 2013/09/16  ver 3.4  Verb mode for urls, etc.
)
LaTeX Info: Redefining \url on input line 5159.
\XeTeXLinkMargin=\dimen263

(Y:\miktex-portable\texmfs\install\tex/generic/bitset\bitset.sty
Package: bitset 2019/12/09 v1.3 Handle bit-vector datatype (HO)

(Y:\miktex-portable\texmfs\install\tex/generic/bigintcalc\bigintcalc.sty
Package: bigintcalc 2019/12/15 v1.5 Expandable calculations on big integers (HO
)
))
\Fld@menulength=\count305
\Field@Width=\dimen264
\Fld@charsize=\dimen265
Package hyperref Info: Hyper figures OFF on input line 6430.
Package hyperref Info: Link nesting OFF on input line 6435.
Package hyperref Info: Hyper index ON on input line 6438.
Package hyperref Info: backreferencing OFF on input line 6445.
Package hyperref Info: Link coloring OFF on input line 6450.
Package hyperref Info: Link coloring with OCG OFF on input line 6455.
Package hyperref Info: PDF/A mode OFF on input line 6460.
LaTeX Info: Redefining \ref on input line 6500.
LaTeX Info: Redefining \pageref on input line 6504.
\Hy@abspage=\count306
\c@Item=\count307
\c@Hfootnote=\count308
)
Package hyperref Info: Driver (autodetected): hxetex.

(Y:\miktex-portable\texmfs\install\tex/latex/hyperref\hxetex.def
File: hxetex.def 2020/01/14 v7.00d Hyperref driver for XeTeX

(Y:\miktex-portable\texmfs\install\tex/latex/hyperref\puenc.def
File: puenc.def 2020/01/14 v7.00d Hyperref: PDF Unicode definition (HO)
)
(Y:\miktex-portable\texmfs\install\tex/generic/stringenc\stringenc.sty
Package: stringenc 2019/11/29 v1.12 Convert strings between diff. encodings (HO
)
)
\pdfm@box=\box53
\c@Hy@AnnotLevel=\count309
\HyField@AnnotCount=\count310
\Fld@listcount=\count311
\c@bookmark@seq@number=\count312

(Y:\miktex-portable\texmfs\install\tex/latex/rerunfilecheck\rerunfilecheck.sty
Package: rerunfilecheck 2019/12/05 v1.9 Rerun checks for auxiliary files (HO)

(Y:\miktex-portable\texmfs\install\tex/latex/atveryend\atveryend.sty
Package: atveryend 2019-12-11 v1.11 Hooks at the very end of document (HO)
Package atveryend Info: \enddocument detected (standard20110627).
)
(Y:\miktex-portable\texmfs\install\tex/generic/uniquecounter\uniquecounter.sty
Package: uniquecounter 2019/12/15 v1.4 Provide unlimited unique counter (HO)
)
Package uniquecounter Info: New unique counter `rerunfilecheck' on input line 2
86.
)
\Hy@SectionHShift=\skip80
) (Y:\miktex-portable\texmfs\install\tex/latex/setspace\setspace.sty
Package: setspace 2011/12/19 v6.7a set line spacing
)
(Y:\miktex-portable\texmfs\install\tex/latex/graphics\lscape.sty
Package: lscape 2000/10/22 v3.01 Landscape Pages (DPC)
)
(Y:\miktex-portable\texmfs\install\tex/latex/listings\lstlang1.sty
File: lstlang1.sty 2019/09/10 1.8c listings language file
)
(Y:\miktex-portable\texmfs\install\tex/latex/tools\indentfirst.sty
Package: indentfirst 1995/11/23 v1.03 Indent first paragraph (DPC)
)
(Y:\miktex-portable\texmfs\install\tex/latex/appendix\appendix.sty
Package: appendix 2020/02/08 v1.2c extra appendix facilities
\c@@pps=\count313
\c@@ppsavesec=\count314
\c@@ppsaveapp=\count315
)
(Y:\miktex-portable\texmfs\install\tex/latex/diagbox\diagbox.sty
Package: diagbox 2020/02/09 v2.3 Making table heads with diagonal lines

(Y:\miktex-portable\texmfs\install\tex/latex/pict2e\pict2e.sty
Package: pict2e 2020/09/30 v0.4b Improved picture commands (HjG,RN,JT)

(Y:\miktex-portable\texmfs\install\tex/latex/pict2e\pict2e.cfg
File: pict2e.cfg 2016/02/05 v0.1u pict2e configuration for teTeX/TeXLive
)
Package pict2e Info: Driver file: xetex.def on input line 112.
Package pict2e Info: Driver file for pict2e: p2e-xetex.def on input line 114.

(Y:\miktex-portable\texmfs\install\tex/latex/pict2e\p2e-xetex.def
File: p2e-xetex.def 2016/02/05 v0.1u Driver-dependant file (RN,HjG,JT)
)
\pIIe@GRAPH=\toks26
\@arclen=\dimen266
\@arcrad=\dimen267
\pIIe@tempdima=\dimen268
\pIIe@tempdimb=\dimen269
\pIIe@tempdimc=\dimen270
\pIIe@tempdimd=\dimen271
\pIIe@tempdime=\dimen272
\pIIe@tempdimf=\dimen273
)
(Y:\miktex-portable\texmfs\install\tex/latex/tools\array.sty
Package: array 2019/08/31 v2.4l Tabular extension package (FMi)
\col@sep=\dimen274
\ar@mcellbox=\box54
\extrarowheight=\dimen275
\NC@list=\toks27
\extratabsurround=\skip81
\backup@length=\skip82
\ar@cellbox=\box55
)
\diagbox@boxa=\box56
\diagbox@boxb=\box57
\diagbox@boxm=\box58
\diagbox@wd=\dimen276
\diagbox@ht=\dimen277
\diagbox@insepl=\dimen278
\diagbox@insepr=\dimen279
\diagbox@outsepl=\dimen280
\diagbox@outsepr=\dimen281
)
(Y:\miktex-portable\texmfs\install\tex/xelatex/xecjk\xeCJK-listings.sty
Package: xeCJK-listings 2020/02/18 v3.8.2 xeCJK patch file for listings
\l__xeCJK_listings_max_char_int=\count316
\l__xeCJK_listings_flag_int=\count317
)

LaTeX Warning: Unused global option(s):
    [14pt].

(4072pj1.aux

LaTeX Warning: Label `1' multiply defined.


LaTeX Warning: Label `2' multiply defined.


LaTeX Warning: Label `3' multiply defined.


LaTeX Warning: Label `4' multiply defined.


LaTeX Warning: Label `5' multiply defined.


LaTeX Warning: Label `6' multiply defined.

)
\openout1 = `4072pj1.aux'.

LaTeX Font Info:    Checking defaults for OML/cmm/m/it on input line 60.
LaTeX Font Info:    ... okay on input line 60.
LaTeX Font Info:    Checking defaults for OMS/cmsy/m/n on input line 60.
LaTeX Font Info:    ... okay on input line 60.
LaTeX Font Info:    Checking defaults for OT1/cmr/m/n on input line 60.
LaTeX Font Info:    ... okay on input line 60.
LaTeX Font Info:    Checking defaults for T1/cmr/m/n on input line 60.
LaTeX Font Info:    ... okay on input line 60.
LaTeX Font Info:    Checking defaults for TS1/cmr/m/n on input line 60.
LaTeX Font Info:    Trying to load font information for TS1+cmr on input line 6
0.
 (Y:\miktex-portable\texmfs\install\tex/latex/base\ts1cmr.fd
File: ts1cmr.fd 2019/12/16 v2.5j Standard LaTeX font definitions
)
LaTeX Font Info:    ... okay on input line 60.
LaTeX Font Info:    Checking defaults for TU/lmr/m/n on input line 60.
LaTeX Font Info:    ... okay on input line 60.
LaTeX Font Info:    Checking defaults for OMX/cmex/m/n on input line 60.
LaTeX Font Info:    ... okay on input line 60.
LaTeX Font Info:    Checking defaults for U/cmr/m/n on input line 60.
LaTeX Font Info:    ... okay on input line 60.
LaTeX Font Info:    Checking defaults for PD1/pdf/m/n on input line 60.
LaTeX Font Info:    ... okay on input line 60.
LaTeX Font Info:    Checking defaults for PU/pdf/m/n on input line 60.
LaTeX Font Info:    ... okay on input line 60.

Package fontspec Info: Adjusting the maths setup (use [no-math] to avoid
(fontspec)             this).

\symlegacymaths=\mathgroup6
LaTeX Font Info:    Overwriting symbol font `legacymaths' in version `bold'
(Font)                  OT1/cmr/m/n --> OT1/cmr/bx/n on input line 60.
LaTeX Font Info:    Redeclaring math accent \acute on input line 60.
LaTeX Font Info:    Redeclaring math accent \grave on input line 60.
LaTeX Font Info:    Redeclaring math accent \ddot on input line 60.
LaTeX Font Info:    Redeclaring math accent \tilde on input line 60.
LaTeX Font Info:    Redeclaring math accent \bar on input line 60.
LaTeX Font Info:    Redeclaring math accent \breve on input line 60.
LaTeX Font Info:    Redeclaring math accent \check on input line 60.
LaTeX Font Info:    Redeclaring math accent \hat on input line 60.
LaTeX Font Info:    Redeclaring math accent \dot on input line 60.
LaTeX Font Info:    Redeclaring math accent \mathring on input line 60.
LaTeX Font Info:    Redeclaring math symbol \Gamma on input line 60.
LaTeX Font Info:    Redeclaring math symbol \Delta on input line 60.
LaTeX Font Info:    Redeclaring math symbol \Theta on input line 60.
LaTeX Font Info:    Redeclaring math symbol \Lambda on input line 60.
LaTeX Font Info:    Redeclaring math symbol \Xi on input line 60.
LaTeX Font Info:    Redeclaring math symbol \Pi on input line 60.
LaTeX Font Info:    Redeclaring math symbol \Sigma on input line 60.
LaTeX Font Info:    Redeclaring math symbol \Upsilon on input line 60.
LaTeX Font Info:    Redeclaring math symbol \Phi on input line 60.
LaTeX Font Info:    Redeclaring math symbol \Psi on input line 60.
LaTeX Font Info:    Redeclaring math symbol \Omega on input line 60.
LaTeX Font Info:    Redeclaring math symbol \mathdollar on input line 60.
LaTeX Font Info:    Redeclaring symbol font `operators' on input line 60.
LaTeX Font Info:    Encoding `OT1' has changed to `TU' for symbol font
(Font)              `operators' in the math version `normal' on input line 60.
LaTeX Font Info:    Overwriting symbol font `operators' in version `normal'
(Font)                  OT1/cmr/m/n --> TU/lmr/m/n on input line 60.
LaTeX Font Info:    Encoding `OT1' has changed to `TU' for symbol font
(Font)              `operators' in the math version `bold' on input line 60.
LaTeX Font Info:    Overwriting symbol font `operators' in version `bold'
(Font)                  OT1/cmr/bx/n --> TU/lmr/m/n on input line 60.
LaTeX Font Info:    Overwriting symbol font `operators' in version `normal'
(Font)                  TU/lmr/m/n --> TU/lmr/m/n on input line 60.
LaTeX Font Info:    Overwriting math alphabet `\mathit' in version `normal'
(Font)                  OT1/cmr/m/it --> TU/lmr/m/it on input line 60.
LaTeX Font Info:    Overwriting math alphabet `\mathbf' in version `normal'
(Font)                  OT1/cmr/bx/n --> TU/lmr/b/n on input line 60.
LaTeX Font Info:    Overwriting math alphabet `\mathsf' in version `normal'
(Font)                  OT1/cmss/m/n --> TU/lmss/m/n on input line 60.
LaTeX Font Info:    Overwriting math alphabet `\mathtt' in version `normal'
(Font)                  OT1/cmtt/m/n --> TU/lmtt/m/n on input line 60.
LaTeX Font Info:    Overwriting symbol font `operators' in version `bold'
(Font)                  TU/lmr/m/n --> TU/lmr/b/n on input line 60.
LaTeX Font Info:    Overwriting math alphabet `\mathit' in version `bold'
(Font)                  OT1/cmr/bx/it --> TU/lmr/b/it on input line 60.
LaTeX Font Info:    Overwriting math alphabet `\mathsf' in version `bold'
(Font)                  OT1/cmss/bx/n --> TU/lmss/b/n on input line 60.
LaTeX Font Info:    Overwriting math alphabet `\mathtt' in version `bold'
(Font)                  OT1/cmtt/m/n --> TU/lmtt/b/n on input line 60.

*geometry* detected driver: pdftex
*geometry* verbose mode - [ preamble ] result:
* driver: pdftex
* paper: a4paper
* layout: <same size as paper>
* layoutoffset:(h,v)=(0.0pt,0.0pt)
* modes: 
* h-part:(L,W,R)=(85.35826pt, 441.01773pt, 71.13188pt)
* v-part:(T,H,B)=(71.13188pt, 702.78308pt, 71.13188pt)
* \paperwidth=597.50787pt
* \paperheight=845.04684pt
* \textwidth=441.01773pt
* \textheight=702.78308pt
* \oddsidemargin=13.08827pt
* \evensidemargin=13.08827pt
* \topmargin=-38.1381pt
* \headheight=12.0pt
* \headsep=25.0pt
* \topskip=10.0pt
* \footskip=30.0pt
* \marginparwidth=57.0pt
* \marginparsep=11.0pt
* \columnsep=10.0pt
* \skip\footins=9.0pt plus 4.0pt minus 2.0pt
* \hoffset=-14.22636pt
* \voffset=-22.76219pt
* \mag=1000
* \@twocolumnfalse
* \@twosidefalse
* \@mparswitchfalse
* \@reversemarginfalse
* (1in=72.27pt=25.4mm, 1cm=28.453pt)

\AtBeginShipoutBox=\box59
\c@lstlisting=\count318
Package hyperref Info: Link coloring OFF on input line 60.
(Y:\miktex-portable\texmfs\install\tex/latex/hyperref\nameref.sty
Package: nameref 2019/09/16 v2.46 Cross-referencing by name of section

(Y:\miktex-portable\texmfs\install\tex/latex/refcount\refcount.sty
Package: refcount 2019/12/15 v3.6 Data extraction from label references (HO)
)
(Y:\miktex-portable\texmfs\install\tex/generic/gettitlestring\gettitlestring.st
y
Package: gettitlestring 2019/12/15 v1.6 Cleanup title references (HO)
)
\c@section@level=\count319
)
LaTeX Info: Redefining \ref on input line 60.
LaTeX Info: Redefining \pageref on input line 60.
LaTeX Info: Redefining \nameref on input line 60.
 (4072pj1.out) (4072pj1.out)
\@outlinefile=\write3
\openout3 = `4072pj1.out'.


Underfull \hbox (badness 10000) detected at line 66
\TU/標楷體(0)/m/n/24 國 立 虎 尾 科 技 大 學
 []


Underfull \hbox (badness 10000) detected at line 68
\TU/標楷體(0)/m/n/24 工 程 學 院 機 械 設 計 工 程 系
 []


Underfull \hbox (badness 10000) detected at line 70
\TU/標楷體(0)/m/n/24 專 題 製 作 報 告
 []


LaTeX Font Warning: Font shape `TU/標楷體(0)/b/n' undefined
(Font)              using `TU/標楷體(0)/m/n' instead on input line 73.


Overfull \hbox (116.6662pt too wide) detected at line 88
\TU/標楷體(0)/m/n/17.28 指 導 教 授：|  嚴 家 銘 老 師
 []


Overfull \hbox (82.1062pt too wide) detected at line 90
\TU/標楷體(0)/m/n/17.28 班 級：|  四 設 三 甲
 []


Overfull \hbox (144.8137pt too wide) detected at line 92
\TU/標楷體(0)/m/n/17.28 學 生：|  李 正 揚 \TU/TimesNewRoman(0)/m/n/17.28 (40723110)
 []


Overfull \hbox (145.25627pt too wide) detected at line 95
 \TU/標楷體(0)/m/n/17.28 林 于 哲 \TU/TimesNewRoman(0)/m/n/17.28 (40723115)
 []


Overfull \hbox (145.89752pt too wide) detected at line 97
 \TU/標楷體(0)/m/n/17.28 黃 奕 慶 \TU/TimesNewRoman(0)/m/n/17.28 (40723138)
 []


Overfull \hbox (145.89752pt too wide) detected at line 99
 \TU/標楷體(0)/m/n/17.28 鄭 博 鴻 \TU/TimesNewRoman(0)/m/n/17.28 (40723148)
 []


Overfull \hbox (145.89752pt too wide) detected at line 101
 \TU/標楷體(0)/m/n/17.28 簡 國 龍 \TU/TimesNewRoman(0)/m/n/17.28 (40723150)
 []

(Y:\miktex-portable\texmfs\install\tex/generic/stringenc\se-ascii-print.def
File: se-ascii-print.def 2019/11/29 v1.12 stringenc: Printable ASCII characters

)
[1

]
LaTeX Font Info:    Calculating math sizes for size <15> on input line 120.

Overfull \hbox (29.44336pt too wide) in paragraph at lines 120--121
[]$[]$ 
 []


Overfull \hbox (29.44336pt too wide) in paragraph at lines 120--121
[]$ 
 []


Overfull \hbox (30.0pt too wide) in paragraph at lines 120--121
[]$ 
 []


Overfull \hbox (30.0pt too wide) in paragraph at lines 120--121
[]$ 
 []


Overfull \hbox (30.0pt too wide) in paragraph at lines 120--121
[]$ 
 []


Underfull \hbox (badness 10000) in paragraph at lines 120--121

 []


Underfull \hbox (badness 10000) detected at line 131
\TU/標楷體(0)/m/n/16 評 審 委 員
 []

LaTeX Font Info:    Calculating math sizes for size <16> on input line 132.

Overfull \hbox (96.0pt too wide) in paragraph at lines 132--133
[]$[]$ 
 []


Overfull \hbox (96.0pt too wide) in paragraph at lines 132--133
[]$ 
 []


Overfull \hbox (96.0pt too wide) in paragraph at lines 132--133
[]$ 
 []


Underfull \hbox (badness 10000) in paragraph at lines 132--133

 []


Underfull \hbox (badness 10000) detected at line 137
\TU/標楷體(0)/m/n/16 指 導 老 師
 []


Underfull \hbox (badness 10000) detected at line 138
\TU/標楷體(0)/m/n/16 系 主 任
 []


Underfull \hbox (badness 10000) detected at line 140
\TU/標楷體(0)/m/n/16 中 華 民 國 一 一 零 年
 []


Underfull \hbox (badness 10000) detected at line 141
\TU/標楷體(0)/m/n/16 六 月 二 十 日
 []

[1] (abstract.tex [1

]) [2] [3] (4072pj1.toc
Overfull \hbox (1.77997pt too wide) detected at line 14
 \TU/TimesNewRoman(0)/m/n/17.28 16
 []


Overfull \hbox (1.77997pt too wide) detected at line 15
 \TU/TimesNewRoman(0)/m/n/17.28 19
 []


Overfull \hbox (1.77997pt too wide) detected at line 16
 \TU/TimesNewRoman(0)/m/n/17.28 23
 []


Overfull \hbox (1.77997pt too wide) detected at line 17
 \TU/TimesNewRoman(0)/m/n/17.28 24
 []


Overfull \hbox (1.77997pt too wide) detected at line 18
 \TU/TimesNewRoman(0)/m/n/17.28 25
 []


Overfull \hbox (1.77997pt too wide) detected at line 19
 \TU/TimesNewRoman(0)/m/n/17.28 25
 []


Overfull \hbox (1.77997pt too wide) detected at line 20
 \TU/TimesNewRoman(0)/m/n/17.28 25
 []

[4

]
Overfull \hbox (1.77997pt too wide) detected at line 21
 \TU/TimesNewRoman(0)/m/n/17.28 26
 []


Overfull \hbox (1.77997pt too wide) detected at line 22
 \TU/TimesNewRoman(0)/m/n/17.28 26
 []


Overfull \hbox (1.77997pt too wide) detected at line 23
 \TU/TimesNewRoman(0)/m/n/17.28 27
 []


Overfull \hbox (1.77997pt too wide) detected at line 24
 \TU/TimesNewRoman(0)/m/n/17.28 27
 []


Overfull \hbox (1.77997pt too wide) detected at line 25
 \TU/TimesNewRoman(0)/m/n/17.28 27
 []


Overfull \hbox (1.77997pt too wide) detected at line 26
 \TU/TimesNewRoman(0)/m/n/17.28 27
 []


Overfull \hbox (1.77997pt too wide) detected at line 27
 \TU/TimesNewRoman(0)/m/n/17.28 28
 []


Overfull \hbox (1.77997pt too wide) detected at line 28
 \TU/TimesNewRoman(0)/m/n/17.28 28
 []


Overfull \hbox (1.77997pt too wide) detected at line 29
 \TU/TimesNewRoman(0)/m/n/17.28 28
 []


Overfull \hbox (1.77997pt too wide) detected at line 30
 \TU/TimesNewRoman(0)/m/n/17.28 31
 []


Overfull \hbox (1.77997pt too wide) detected at line 31
 \TU/TimesNewRoman(0)/m/n/17.28 31
 []


Overfull \hbox (1.77997pt too wide) detected at line 32
 \TU/TimesNewRoman(0)/m/n/17.28 31
 []


Overfull \hbox (1.77997pt too wide) detected at line 33
 \TU/TimesNewRoman(0)/m/n/17.28 32
 []


Overfull \hbox (1.77997pt too wide) detected at line 34
 \TU/TimesNewRoman(0)/m/n/17.28 32
 []


Overfull \hbox (1.77997pt too wide) detected at line 35
 \TU/TimesNewRoman(0)/m/n/17.28 35
 []


Overfull \hbox (1.77997pt too wide) detected at line 36
 \TU/TimesNewRoman(0)/m/n/17.28 37
 []


Overfull \hbox (1.77997pt too wide) detected at line 37
 \TU/TimesNewRoman(0)/m/n/17.28 37
 []


Overfull \hbox (1.77997pt too wide) detected at line 38
 \TU/TimesNewRoman(0)/m/n/17.28 37
 []


Overfull \hbox (1.77997pt too wide) detected at line 39
 \TU/TimesNewRoman(0)/m/n/17.28 38
 []


Overfull \hbox (1.77997pt too wide) detected at line 40
 \TU/TimesNewRoman(0)/m/n/17.28 39
 []


Overfull \hbox (1.77997pt too wide) detected at line 41
 \TU/TimesNewRoman(0)/m/n/17.28 40
 []


Overfull \hbox (1.77997pt too wide) detected at line 42
 \TU/TimesNewRoman(0)/m/n/17.28 40
 []

[5]
Overfull \hbox (1.77997pt too wide) detected at line 43
 \TU/TimesNewRoman(0)/m/n/17.28 41
 []


Overfull \hbox (1.77997pt too wide) detected at line 44
 \TU/TimesNewRoman(0)/m/n/17.28 41
 []


Overfull \hbox (1.77997pt too wide) detected at line 45
 \TU/TimesNewRoman(0)/m/n/17.28 42
 []


Overfull \hbox (1.77997pt too wide) detected at line 46
 \TU/TimesNewRoman(0)/m/n/17.28 43
 []


Overfull \hbox (1.77997pt too wide) detected at line 47
 \TU/TimesNewRoman(0)/m/n/17.28 44
 []


Overfull \hbox (1.77997pt too wide) detected at line 48
 \TU/TimesNewRoman(0)/m/n/17.28 49
 []


Overfull \hbox (1.77997pt too wide) detected at line 49
 \TU/TimesNewRoman(0)/m/n/17.28 52
 []


Overfull \hbox (1.77997pt too wide) detected at line 50
 \TU/TimesNewRoman(0)/m/n/17.28 53
 []

)
\tf@toc=\write4
\openout4 = `4072pj1.toc'.

 [6] (4072pj1.lof
Overfull \hbox (0.363pt too wide) detected at line 12
 []\TU/lmr/m/n/17.28 10
 []


Overfull \hbox (0.363pt too wide) detected at line 13
 []\TU/lmr/m/n/17.28 12
 []


Overfull \hbox (0.363pt too wide) detected at line 14
 []\TU/lmr/m/n/17.28 13
 []


Overfull \hbox (0.363pt too wide) detected at line 15
 []\TU/lmr/m/n/17.28 13
 []


Overfull \hbox (0.363pt too wide) detected at line 16
 []\TU/lmr/m/n/17.28 14
 []


Overfull \hbox (0.363pt too wide) detected at line 17
 []\TU/lmr/m/n/17.28 16
 []


Overfull \hbox (0.363pt too wide) detected at line 18
 []\TU/lmr/m/n/17.28 17
 []


Overfull \hbox (0.363pt too wide) detected at line 19
 []\TU/lmr/m/n/17.28 18
 []


Overfull \hbox (0.363pt too wide) detected at line 20
 []\TU/lmr/m/n/17.28 18
 []


Overfull \hbox (0.363pt too wide) detected at line 21
 []\TU/lmr/m/n/17.28 21
 []


Overfull \hbox (0.363pt too wide) detected at line 22
 []\TU/lmr/m/n/17.28 22
 []

[7

]
Overfull \hbox (0.363pt too wide) detected at line 23
 []\TU/lmr/m/n/17.28 23
 []


Overfull \hbox (0.363pt too wide) detected at line 25
 []\TU/lmr/m/n/17.28 25
 []


Overfull \hbox (0.363pt too wide) detected at line 27
 []\TU/lmr/m/n/17.28 26
 []


Overfull \hbox (0.363pt too wide) detected at line 28
 []\TU/lmr/m/n/17.28 26
 []


Overfull \hbox (0.363pt too wide) detected at line 29
 []\TU/lmr/m/n/17.28 27
 []


Overfull \hbox (0.363pt too wide) detected at line 30
 []\TU/lmr/m/n/17.28 27
 []


Overfull \hbox (0.363pt too wide) detected at line 31
 []\TU/lmr/m/n/17.28 28
 []


Overfull \hbox (0.363pt too wide) detected at line 32
 []\TU/lmr/m/n/17.28 28
 []


Overfull \hbox (0.363pt too wide) detected at line 33
 []\TU/lmr/m/n/17.28 28
 []


Overfull \hbox (0.363pt too wide) detected at line 34
 []\TU/lmr/m/n/17.28 29
 []


Overfull \hbox (0.363pt too wide) detected at line 35
 []\TU/lmr/m/n/17.28 30
 []


Overfull \hbox (0.363pt too wide) detected at line 36
 []\TU/lmr/m/n/17.28 30
 []


Overfull \hbox (0.363pt too wide) detected at line 38
 []\TU/lmr/m/n/17.28 32
 []


Overfull \hbox (0.363pt too wide) detected at line 39
 []\TU/lmr/m/n/17.28 35
 []


Overfull \hbox (0.363pt too wide) detected at line 40
 []\TU/lmr/m/n/17.28 36
 []


Overfull \hbox (0.363pt too wide) detected at line 42
 []\TU/lmr/m/n/17.28 37
 []


Overfull \hbox (0.363pt too wide) detected at line 43
 []\TU/lmr/m/n/17.28 38
 []


Overfull \hbox (0.363pt too wide) detected at line 44
 []\TU/lmr/m/n/17.28 38
 []


Overfull \hbox (0.363pt too wide) detected at line 45
 []\TU/lmr/m/n/17.28 39
 []


Overfull \hbox (0.363pt too wide) detected at line 46
 []\TU/lmr/m/n/17.28 40
 []

[8]
Overfull \hbox (0.363pt too wide) detected at line 47
 []\TU/lmr/m/n/17.28 41
 []


Overfull \hbox (0.363pt too wide) detected at line 48
 []\TU/lmr/m/n/17.28 42
 []


Overfull \hbox (0.363pt too wide) detected at line 50
 []\TU/lmr/m/n/17.28 43
 []


Overfull \hbox (0.363pt too wide) detected at line 52
 []\TU/lmr/m/n/17.28 44
 []


Overfull \hbox (0.363pt too wide) detected at line 53
 []\TU/lmr/m/n/17.28 45
 []


Overfull \hbox (0.363pt too wide) detected at line 54
 []\TU/lmr/m/n/17.28 45
 []


Overfull \hbox (0.363pt too wide) detected at line 55
 []\TU/lmr/m/n/17.28 46
 []


Overfull \hbox (0.363pt too wide) detected at line 56
 []\TU/lmr/m/n/17.28 47
 []


Overfull \hbox (0.363pt too wide) detected at line 57
 []\TU/lmr/m/n/17.28 48
 []


Overfull \hbox (0.363pt too wide) detected at line 58
 []\TU/lmr/m/n/17.28 48
 []


Overfull \hbox (0.363pt too wide) detected at line 59
 []\TU/lmr/m/n/17.28 49
 []


Overfull \hbox (0.363pt too wide) detected at line 60
 []\TU/lmr/m/n/17.28 49
 []


Overfull \hbox (0.363pt too wide) detected at line 61
 []\TU/lmr/m/n/17.28 53
 []

)
\tf@lof=\write5
\openout5 = `4072pj1.lof'.

 [9] (4072pj1.lot
Overfull \hbox (0.363pt too wide) detected at line 5
 []\TU/lmr/m/n/17.28 28
 []


Overfull \hbox (0.363pt too wide) detected at line 8
 []\TU/lmr/m/n/17.28 39
 []


Overfull \hbox (0.363pt too wide) detected at line 11
 []\TU/lmr/m/n/17.28 52
 []

)
\tf@lot=\write6
\openout6 = `4072pj1.lot'.

 (1_introduction.tex [10

]
Chapter 1.

Underfull \hbox (badness 10000) in paragraph at lines 7--8

 []

File: ./../images/冰球機.jpg Graphic file (type bmp)
<./../images/冰球機.jpg>
File: ./../images/origin.png Graphic file (type bmp)
<./../images/origin.png>
File: ./../images/pong_gym.png Graphic file (type bmp)
<./../images/pong_gym.png>

Underfull \hbox (badness 10000) in paragraph at lines 30--31

 []

[1

]
Underfull \hbox (badness 10000) in paragraph at lines 32--33

 []


Underfull \hbox (badness 10000) in paragraph at lines 34--35

 []

File: ./../images/研究架構.png Graphic file (type bmp)
<./../images/研究架構.png>
[2] [3]) (2_machine_learning.tex [4]
Chapter 2.
File: ./../images/類神經網路架構.png Graphic file (type bmp)
<./../images/類神經網路架構.png>

Overfull \hbox (14.22635pt too wide) in paragraph at lines 5--6
 [] 
 []


Underfull \hbox (badness 10000) in paragraph at lines 10--11

 []


Underfull \hbox (badness 10000) in paragraph at lines 12--13

 []


Underfull \hbox (badness 10000) in paragraph at lines 14--15

 []

[5

]
Underfull \hbox (badness 10000) in paragraph at lines 16--17

 []


Underfull \hbox (badness 10000) in paragraph at lines 18--19

 []


Underfull \hbox (badness 10000) in paragraph at lines 20--21

 []

[6]
File: ./../images/類神經網路關係.png Graphic file (type bmp)
<./../images/類神經網路關係.png>

Overfull \hbox (14.22635pt too wide) in paragraph at lines 25--26
 [] 
 []

LaTeX Font Info:    Calculating math sizes for size <14> on input line 37.

Underfull \hbox (badness 10000) in paragraph at lines 40--41

 []

File: ./../images/SigmoidFunction.png Graphic file (type bmp)
<./../images/SigmoidFunction.png>

Overfull \hbox (14.22635pt too wide) in paragraph at lines 44--45
 [] 
 []


Underfull \hbox (badness 10000) in paragraph at lines 41--50

 []

[7]
Underfull \hbox (badness 10000) in paragraph at lines 50--52

 []


Underfull \hbox (badness 10000) in paragraph at lines 54--56

 []

[8]
Underfull \hbox (badness 10000) in paragraph at lines 61--62

 []

[9]
Underfull \hbox (badness 10000) in paragraph at lines 83--85

 []


Underfull \hbox (badness 10000) in paragraph at lines 85--87

 []

[10]
Underfull \hbox (badness 10000) in paragraph at lines 88--90

 []


Underfull \hbox (badness 10000) in paragraph at lines 91--93

 []

File: ./../images/MSE.png Graphic file (type bmp)
<./../images/MSE.png>

Underfull \hbox (badness 10000) in paragraph at lines 102--112

 []

[11]
Underfull \hbox (badness 10000) in paragraph at lines 113--117

 []


Underfull \hbox (badness 10000) in paragraph at lines 117--118

 []

[12]
Underfull \hbox (badness 10000) in paragraph at lines 124--125

 []

File: ./../images/Error_surface-2.png Graphic file (type bmp)
<./../images/Error_surface-2.png>
File: ./../images/theta_vector.png Graphic file (type bmp)
<./../images/theta_vector.png>
[13]
Underfull \hbox (badness 10000) in paragraph at lines 152--153

 []


Underfull \hbox (badness 10000) in paragraph at lines 156--157

 []

[14]
Underfull \hbox (badness 10000) in paragraph at lines 178--179

 []

[15]
Underfull \hbox (badness 10000) in paragraph at lines 186--188

 []


Underfull \hbox (badness 10000) in paragraph at lines 191--192

 []

File: ./../images/sgd_fluctuation.png Graphic file (type bmp)
<./../images/sgd_fluctuation.png>
[16]
Underfull \hbox (badness 10000) in paragraph at lines 211--213

 []

Missing character: There is no ∗ in font Times New Roman/OT:script=latn;languag
e=dflt;!
[17]
Underfull \hbox (badness 10000) in paragraph at lines 232--234

 []

File: ./../images/without.png Graphic file (type bmp)
<./../images/without.png>

Underfull \hbox (badness 2237) in paragraph at lines 243--243
[]\TU/標楷體(0)/m/n/14.4 圖\TU/lmr/m/n/14.4 . 2.9: []SGD without momen-
 []

File: ./../images/with.png Graphic file (type bmp)
<./../images/with.png>
[18]
Underfull \hbox (badness 10000) in paragraph at lines 259--260

 []

File: ./../images/NAG.jpg Graphic file (type bmp)
<./../images/NAG.jpg>
[19] [20] [21]
Underfull \hbox (badness 10000) in paragraph at lines 327--330

 []

[22] [23]
Underfull \hbox (badness 10000) in paragraph at lines 376--377

 []


Underfull \hbox (badness 10000) in paragraph at lines 382--383

 []


Underfull \hbox (badness 10000) in paragraph at lines 384--385

 []

[24]
Underfull \hbox (badness 10000) in paragraph at lines 386--388

 []

File: ./../images/Faces_of_Reinforcement_Learning.png Graphic file (type bmp)
<./../images/Faces_of_Reinforcement_Learning.png>
[25]
Underfull \hbox (badness 10000) in paragraph at lines 401--403

 []

File: ./../images/The_Flow_of_Reinforcement_Learning.png Graphic file (type bmp
)
<./../images/The_Flow_of_Reinforcement_Learning.png>

Underfull \hbox (badness 10000) in paragraph at lines 411--413

 []

[26]
File: ./../images/The_entire_interaction_process.png Graphic file (type bmp)
<./../images/The_entire_interaction_process.png>

Underfull \hbox (badness 10000) in paragraph at lines 421--424

 []


Underfull \hbox (badness 10000) in paragraph at lines 425--426

 []


Underfull \hbox (badness 10000) in paragraph at lines 427--438

 []

[27]
Underfull \hbox (badness 10000) in paragraph at lines 439--440

 []


Underfull \hbox (badness 10000) in paragraph at lines 441--442

 []

File: ./../images/agent.png Graphic file (type bmp)
<./../images/agent.png>

Underfull \hbox (badness 10000) in paragraph at lines 454--455

 []


Underfull \hbox (badness 10000) in paragraph at lines 457--459

 []

[28]
Underfull \hbox (badness 10000) in paragraph at lines 459--460

 []


Underfull \hbox (badness 10000) in paragraph at lines 473--476

 []

[29] [30]
File: ./../images/MRP.jpg Graphic file (type bmp)
<./../images/MRP.jpg>
File: ./../images/MDP.jpg Graphic file (type bmp)
<./../images/MDP.jpg>

Underfull \hbox (badness 10000) in paragraph at lines 521--522

 []

File: ./../images/s_to _s.jpg Graphic file (type bmp)
<./../images/s_to _s.jpg>
[31]
File: ./../images/Q_pi function.jpg Graphic file (type bmp)
<./../images/Q_pi function.jpg>
 [32]
File: ./../images/policy gradient原理.png Graphic file (type bmp)
<./../images/policy gradient原理.png>
Missing character: There is no （ in font [lmroman12-regular]:mapping=tex-text;!
Missing character: There is no ） in font [lmroman12-regular]:mapping=tex-text;!

Overfull \hbox (4.20535pt too wide) in paragraph at lines 556--574
\OML/cmm/m/it/14 G[]$\TU/標楷體(0)/m/n/14 ：|  回 傳 衰 減 後 的 未 來 獎 勵 \TU/TimesNewRoma
n(0)/m/n/14 (Discounted future reward)$\OML/cmm/m/it/14 G[] \OT1/cmr/m/n/14 = [
][] \OML/cmm/m/it/14 ^^M[]R[]$ 
 []


Underfull \hbox (badness 10000) in paragraph at lines 556--574

 []

[33]
Underfull \hbox (badness 10000) in paragraph at lines 576--577

 []


Underfull \hbox (badness 10000) in paragraph at lines 589--593

 []

[34]
Underfull \hbox (badness 10000) in paragraph at lines 595--596

 []


Underfull \hbox (badness 10000) in paragraph at lines 612--613

 []


Underfull \hbox (badness 10000) in paragraph at lines 614--615

 []

[35]
Underfull \hbox (badness 10000) in paragraph at lines 615--617

 []

[36]) (3_training_env.tex
Chapter 3.

Underfull \hbox (badness 10000) in paragraph at lines 3--4

 []

File: ./../images/pong_gym.png Graphic file (type bmp)
<./../images/pong_gym.png>
[37

]) (4_simulation.tex
Chapter 4.
File: ./../images/model.png Graphic file (type bmp)
<./../images/model.png>

Underfull \hbox (badness 10000) in paragraph at lines 12--13

 []

File: ./../images/axialseat.png Graphic file (type bmp)
<./../images/axialseat.png>
File: ./../images/connectSeat.png Graphic file (type bmp)
<./../images/connectSeat.png>
[38

]
Underfull \hbox (badness 10000) in paragraph at lines 29--30

 []

File: ./../images/CoppeliaSim.png Graphic file (type bmp)
<./../images/CoppeliaSim.png>

Underfull \hbox (badness 10000) in paragraph at lines 38--39

 []


Underfull \hbox (badness 10000) in paragraph at lines 40--41

 []

[39]
Underfull \hbox (badness 10000) in paragraph at lines 42--43

 []

File: ./../images/toolBar.png Graphic file (type bmp)
<./../images/toolBar.png>
File: ./../images/toolBar2.png Graphic file (type bmp)
<./../images/toolBar2.png>
[40]
File: ./../images/pythonCVlogo.png Graphic file (type bmp)
<./../images/pythonCVlogo.png>

Underfull \hbox (badness 10000) in paragraph at lines 85--86

 []


Underfull \hbox (badness 10000) in paragraph at lines 88--90

 []

File: ./../images/HSV.png Graphic file (type bmp)
<./../images/HSV.png>
[41] [42]
File: ./../images/origin.png Graphic file (type bmp)
<./../images/origin.png>
File: ./../images/filter.png Graphic file (type bmp)
<./../images/filter.png>
 [43] [44]) (5_server.tex
Chapter 5.

Underfull \hbox (badness 10000) in paragraph at lines 2--3

 []


Underfull \hbox (badness 10000) in paragraph at lines 4--5

 []


Underfull \hbox (badness 10000) in paragraph at lines 6--7

 []


Underfull \hbox (badness 10000) in paragraph at lines 8--9

 []


Underfull \hbox (badness 10000) in paragraph at lines 10--11

 []

[45

]
Underfull \hbox (badness 10000) in paragraph at lines 12--13

 []


Underfull \hbox (badness 10000) in paragraph at lines 14--15

 []


Underfull \hbox (badness 10000) in paragraph at lines 16--17

 []


Underfull \hbox (badness 10000) in paragraph at lines 18--19

 []


Underfull \hbox (badness 10000) in paragraph at lines 22--23

 []

[46]
Underfull \hbox (badness 10000) in paragraph at lines 23--24

 []

[47]
File: ./../images/clientProxy.jpeg Graphic file (type bmp)
<./../images/clientProxy.jpeg>
 [48]
Underfull \hbox (badness 10000) in paragraph at lines 54--55

 []

[49]
Underfull \hbox (badness 10000) in paragraph at lines 100--101

 []


Underfull \hbox (badness 10000) in paragraph at lines 102--103

 []


Underfull \hbox (badness 10000) in paragraph at lines 104--105

 []


LaTeX Font Warning: Font shape `TU/標楷體(0)/m/it' undefined
(Font)              using `TU/標楷體(0)/m/n' instead on input line 109.


Underfull \hbox (badness 10000) in paragraph at lines 115--116

 []


Underfull \hbox (badness 10000) in paragraph at lines 117--118

 []

[50] [51]
Underfull \hbox (badness 10000) in paragraph at lines 152--153

 []

File: ./../images/clientToflask.jpeg Graphic file (type bmp)
<./../images/clientToflask.jpeg>

Underfull \hbox (badness 10000) in paragraph at lines 167--168

 []

[52]
File: ./../images/total.jpeg Graphic file (type bmp)
<./../images/total.jpeg>
) (6_training_result.tex [53]
Chapter 6.

Underfull \hbox (badness 10000) in paragraph at lines 3--4

 []

File: ./../images/pong_pygame.png Graphic file (type bmp)
<./../images/pong_pygame.png>
[54

]
File: ./../images/airhockey_pymunk.png Graphic file (type bmp)
<./../images/airhockey_pymunk.png>
 [55]
Underfull \hbox (badness 10000) in paragraph at lines 22--23

 []


Underfull \hbox (badness 10000) in paragraph at lines 24--25

 []


Underfull \hbox (badness 10000) in paragraph at lines 26--27

 []

File: ./../images/強化學習訓練流程.png Graphic file (type bmp)
<./../images/強化學習訓練流程.png>

Underfull \hbox (badness 10000) in paragraph at lines 39--41

 []

[56]
File: ./../images/pong2_RvsNR.png Graphic file (type bmp)
<./../images/pong2_RvsNR.png>

Underfull \hbox (badness 10000) in paragraph at lines 52--53

 []

[57] [58]
File: ./../images/pong.png Graphic file (type bmp)
<./../images/pong.png>
File: ./../images/pong_test.png Graphic file (type bmp)
<./../images/pong_test.png>
 [59]
Underfull \hbox (badness 10000) in paragraph at lines 95--100

 []

[60]
File: ./../images/pong2_vs_pong1.2_reward.png Graphic file (type bmp)
<./../images/pong2_vs_pong1.2_reward.png>

Underfull \hbox (badness 10000) in paragraph at lines 114--115

 []

[61]
Overfull \hbox (5.28113pt too wide) in paragraph at lines 120--121
[]\TU/TimesNewRoman(0)/m/n/14 remoteApi.dll\TU/標楷體(0)/m/n/14 、| \TU/TimesNewRom
an(0)/m/n/14 remoteApi.dylib \TU/標楷體(0)/m/n/14 或 \TU/TimesNewRoman(0)/m/n/14 re
moteApi.so (\TU/標楷體(0)/m/n/14 依 序 適 用 於\TU/TimesNewRoman(0)/m/n/14 :Windows\TU/
標楷體(0)/m/n/14 、|
 []


Underfull \hbox (badness 10000) in paragraph at lines 122--126

 []


Underfull \hbox (badness 10000) in paragraph at lines 127--128

 []


Underfull \hbox (badness 10000) in paragraph at lines 129--130

 []

[62]
Underfull \hbox (badness 10000) in paragraph at lines 139--140

 []

[63]) (7_suggestion.tex
Chapter 7.
File: ./../images/現有研究流程與未來展望.png Graphic file (type bmp)
<./../images/現有研究流程與未來展望.png>

Overfull \hbox (14.22635pt too wide) in paragraph at lines 5--6
 [] 
 []

) (8_discussions.tex [64

]
Chapter 8.
File: ./../images/Q_dll.png Graphic file (type bmp)
<./../images/Q_dll.png>
[65

]
File: ./../images/Q_ffmpeg.png Graphic file (type bmp)
<./../images/Q_ffmpeg.png>

Underfull \hbox (badness 10000) in paragraph at lines 25--27

 []

File: ./../images/Q_ffmpeg-2.png Graphic file (type bmp)
<./../images/Q_ffmpeg-2.png>
File: ./../images/Q_ffmpeg-3.png Graphic file (type bmp)
<./../images/Q_ffmpeg-3.png>

Underfull \hbox (badness 10000) in paragraph at lines 35--44

 []

[66]
File: ./../images/Q_ffmpeg-4.png Graphic file (type bmp)
<./../images/Q_ffmpeg-4.png>

Underfull \hbox (badness 10000) in paragraph at lines 52--53

 []

[67]
Underfull \hbox (badness 10000) in paragraph at lines 58--60

 []

File: ./../images/Q_ffmpeg-5.png Graphic file (type bmp)
<./../images/Q_ffmpeg-5.png>
[68]
File: ./../images/ffmpeg_mp4.png Graphic file (type bmp)
<./../images/ffmpeg_mp4.png>
File: ./../images/video_recorder.png Graphic file (type bmp)
<./../images/video_recorder.png>
 [69]
File: ./../images/修正video_recorder.png Graphic file (type bmp)
<./../images/修正video_recorder.png>
 [70]
Underfull \hbox (badness 10000) in paragraph at lines 98--100

 []

) (9_reference.tex [71]
Underfull \hbox (badness 10000) in paragraph at lines 5--6
[][]\TU/TimesNewRoman(0)/m/n/14 https://towardsdatascience.com/adam-latest-tren
ds-in-deep-learning-
 []


Underfull \hbox (badness 10000) in paragraph at lines 6--7
[][]\TU/TimesNewRoman(0)/m/n/14 https://towardsdatascience.com/derivative-of-th
e-sigmoid-function-
 []


Underfull \hbox (badness 10000) in paragraph at lines 8--9
[][]\TU/TimesNewRoman(0)/m/n/14 https://medium.com/change-the-world-with-techno
logy/policy-gradient-
 []


Underfull \hbox (badness 10000) in paragraph at lines 9--10
[][]\TU/TimesNewRoman(0)/m/n/14 https://livebook.manning.com/book/grokking-deep
-reinforcement-
 []


Underfull \hbox (badness 10000) in paragraph at lines 11--12
[][]\TU/TimesNewRoman(0)/m/n/14 https://lilianweng.github.io/lil-log/2018/04/08
/policy-gradient-
 []


Underfull \hbox (badness 10000) in paragraph at lines 15--16
[][]\TU/TimesNewRoman(0)/m/n/14 https://hackernoon.com/the-reason-behind-moving
-in-the-direction-
 []


Underfull \hbox (badness 10000) in paragraph at lines 20--21
[][]\TU/TimesNewRoman(0)/m/n/14 https://gist.github.com/karpathy/a4166c7fe25370
0972fcbc77e4ea32c5#
 []

[72

] [73]) (10_appendix.tex [74]
File: ./../images/編譯流程.png Graphic file (type bmp)
<./../images/編譯流程.png>
 [75])
File: ./../images/test10.jpeg Graphic file (type bmp)
<./../images/test10.jpeg>

Underfull \hbox (badness 10000) detected at line 202
\TU/標楷體(0)/m/n/14 姓 名
 []


Underfull \hbox (badness 10000) detected at line 203
\TU/標楷體(0)/m/n/14 李 正 揚
 []


Underfull \hbox (badness 10000) detected at line 204
\TU/標楷體(0)/m/n/14 學 號
 []


Underfull \hbox (badness 10000) detected at line 205
\TU/TimesNewRoman(0)/m/n/14 40723110
 []


Underfull \hbox (badness 10000) detected at line 208
\TU/標楷體(0)/m/n/14 國 立 虎 尾 科 技 大 學
 []


Underfull \hbox (badness 10000) detected at line 209
 
 []


Underfull \hbox (badness 10000) detected at line 210
\TU/標楷體(0)/m/n/14 機 械 設 計 工 程 系
 []


Underfull \hbox (badness 10000) detected at line 212
\TU/標楷體(0)/m/n/14 經 歷
 []

File: ./../images/test15.jpg Graphic file (type bmp)
<./../images/test15.jpg>

Underfull \hbox (badness 10000) detected at line 224
\TU/標楷體(0)/m/n/14 姓 名
 []


Underfull \hbox (badness 10000) detected at line 225
\TU/標楷體(0)/m/n/14 林 于 哲
 []


Underfull \hbox (badness 10000) detected at line 227
\TU/標楷體(0)/m/n/14 學 號
 []


Underfull \hbox (badness 10000) detected at line 228
\TU/TimesNewRoman(0)/m/n/14 40723115
 []


Underfull \hbox (badness 10000) detected at line 231
\TU/標楷體(0)/m/n/14 國 立 虎 尾 科 技 大 學
 []


Underfull \hbox (badness 10000) detected at line 232
 
 []


Underfull \hbox (badness 10000) detected at line 233
\TU/標楷體(0)/m/n/14 機 械 設 計 工 程 系
 []


Underfull \hbox (badness 10000) detected at line 235
\TU/標楷體(0)/m/n/14 經 歷
 []

File: ./../images/test38.jpg Graphic file (type bmp)
<./../images/test38.jpg>

Underfull \hbox (badness 10000) detected at line 246
\TU/標楷體(0)/m/n/14 姓 名
 []


Underfull \hbox (badness 10000) detected at line 247
\TU/標楷體(0)/m/n/14 黃 奕 慶
 []


Underfull \hbox (badness 10000) detected at line 249
\TU/標楷體(0)/m/n/14 學 號
 []


Underfull \hbox (badness 10000) detected at line 253
\TU/標楷體(0)/m/n/14 國 立 虎 尾 科 技 大 學
 []


Underfull \hbox (badness 10000) detected at line 254
 
 []


Underfull \hbox (badness 10000) detected at line 255
\TU/標楷體(0)/m/n/14 機 械 設 計 工 程 系
 []


Underfull \hbox (badness 10000) detected at line 257
\TU/標楷體(0)/m/n/14 經 歷
 []

File: ./../images/148.jpg Graphic file (type bmp)
<./../images/148.jpg>

Underfull \hbox (badness 10000) detected at line 268
\TU/標楷體(0)/m/n/14 姓 名
 []


Underfull \hbox (badness 10000) detected at line 269
\TU/標楷體(0)/m/n/14 鄭 博 鴻
 []


Underfull \hbox (badness 10000) detected at line 270
\TU/標楷體(0)/m/n/14 學 號
 []


Underfull \hbox (badness 10000) detected at line 273
\TU/標楷體(0)/m/n/14 國 立 虎 尾 科 技 大 學
 []


Underfull \hbox (badness 10000) detected at line 274
 
 []


Underfull \hbox (badness 10000) detected at line 275
\TU/標楷體(0)/m/n/14 機 械 設 計 工 程 系
 []


Underfull \hbox (badness 10000) detected at line 277
\TU/標楷體(0)/m/n/14 經 歷
 []

File: ./../images/test50.jpg Graphic file (type bmp)
<./../images/test50.jpg>

Underfull \hbox (badness 10000) detected at line 288
\TU/標楷體(0)/m/n/14 姓 名
 []


Underfull \hbox (badness 10000) detected at line 289
\TU/標楷體(0)/m/n/14 簡 國 龍
 []


Underfull \hbox (badness 10000) detected at line 290
\TU/標楷體(0)/m/n/14 學 號
 []


Underfull \hbox (badness 10000) detected at line 293
\TU/標楷體(0)/m/n/14 國 立 虎 尾 科 技 大 學
 []


Underfull \hbox (badness 10000) detected at line 294
 
 []


Underfull \hbox (badness 10000) detected at line 295
\TU/標楷體(0)/m/n/14 機 械 設 計 工 程 系
 []


Underfull \hbox (badness 10000) detected at line 297
\TU/標楷體(0)/m/n/14 經 歷
 []

[76]
Package atveryend Info: Empty hook `BeforeClearDocument' on input line 345.
 [77]
Package atveryend Info: Empty hook `AfterLastShipout' on input line 345.
 (4072pj1.aux)
Package atveryend Info: Empty hook `AtVeryEndDocument' on input line 345.
Package atveryend Info: Executing hook `AtEndAfterFileList' on input line 345.
Package rerunfilecheck Info: File `4072pj1.out' has not changed.
(rerunfilecheck)             Checksum: A9452F77EDDA89DA4F9623BCFE3B92C7;3069.


LaTeX Font Warning: Some font shapes were not available, defaults substituted.


LaTeX Warning: There were multiply-defined labels.

Package atveryend Info: Empty hook `AtVeryVeryEnd' on input line 345.
 ) 
Here is how much of TeX's memory you used:
 19906 strings out of 414221
 366409 string characters out of 2901377
 868045 words of memory out of 3000000
 37056 multiletter control sequences out of 15000+200000
 553516 words of font info for 172 fonts, out of 3000000 for 9000
 1348 hyphenation exceptions out of 8191
 44i,17n,81p,637b,1233s stack positions out of 5000i,500n,10000p,200000b,50000s

Output written on 4072pj1.pdf (89 pages).
